<?xml version="1.0" encoding="UTF-8"?>
<testsuite xmlns:xsi="http://www.w3.org/2001/XMLSchema-instance" xsi:noNamespaceSchemaLocation="https://maven.apache.org/surefire/maven-failsafe-plugin/xsd/failsafe-test-report-3.0.xsd" version="3.0" name="CucumberTestSuite" time="37.789" tests="1" errors="0" skipped="0" failures="0">
  <properties>
    <property name="sun.desktop" value="windows"/>
    <property name="awt.toolkit" value="sun.awt.windows.WToolkit"/>
    <property name="java.specification.version" value="11"/>
    <property name="webdriver.chrome.driver" value="C:\Users\kemal\.cache\selenium\chromedriver\win32\96.0.4664.45\chromedriver.exe"/>
    <property name="sun.cpu.isalist" value="amd64"/>
    <property name="sun.jnu.encoding" value="Cp1254"/>
    <property name="java.class.path" value="C:\Users\kemal\OneDrive\Belgeler\GitHub\writing-steps-to-console-kemalkagankural\target\test-classes;C:\Users\kemal\.m2\repository\net\serenity-bdd\serenity-screenplay-rest\3.1.5\serenity-screenplay-rest-3.1.5.jar;C:\Users\kemal\.m2\repository\net\serenity-bdd\serenity-rest-assured\3.1.5\serenity-rest-assured-3.1.5.jar;C:\Users\kemal\.m2\repository\org\apache\httpcomponents\httpclient\4.5.13\httpclient-4.5.13.jar;C:\Users\kemal\.m2\repository\org\apache\httpcomponents\httpcore\4.4.13\httpcore-4.4.13.jar;C:\Users\kemal\.m2\repository\commons-logging\commons-logging\1.2\commons-logging-1.2.jar;C:\Users\kemal\.m2\repository\io\rest-assured\rest-assured\4.4.0\rest-assured-4.4.0.jar;C:\Users\kemal\.m2\repository\org\apache\httpcomponents\httpmime\4.5.13\httpmime-4.5.13.jar;C:\Users\kemal\.m2\repository\org\ccil\cowan\tagsoup\tagsoup\1.2.1\tagsoup-1.2.1.jar;C:\Users\kemal\.m2\repository\io\rest-assured\json-path\4.4.0\json-path-4.4.0.jar;C:\Users\kemal\.m2\repository\io\rest-assured\rest-assured-common\4.4.0\rest-assured-common-4.4.0.jar;C:\Users\kemal\.m2\repository\io\rest-assured\xml-path\4.4.0\xml-path-4.4.0.jar;C:\Users\kemal\.m2\repository\org\codehaus\groovy\groovy-json\3.0.9\groovy-json-3.0.9.jar;C:\Users\kemal\.m2\repository\org\codehaus\groovy\groovy-xml\3.0.9\groovy-xml-3.0.9.jar;C:\Users\kemal\.m2\repository\org\opentest4j\opentest4j\1.2.0\opentest4j-1.2.0.jar;C:\Users\kemal\.m2\repository\net\serenity-bdd\serenity-core\3.1.5\serenity-core-3.1.5.jar;C:\Users\kemal\.m2\repository\net\serenity-bdd\serenity-model\3.1.5\serenity-model-3.1.5.jar;C:\Users\kemal\.m2\repository\org\apache\commons\commons-text\1.9\commons-text-1.9.jar;C:\Users\kemal\.m2\repository\commons-net\commons-net\3.6\commons-net-3.6.jar;C:\Users\kemal\.m2\repository\com\google\guava\guava\31.0.1-jre\guava-31.0.1-jre.jar;C:\Users\kemal\.m2\repository\com\google\guava\failureaccess\1.0.1\failureaccess-1.0.1.jar;C:\Users\kemal\.m2\repository\com\google\guava\listenablefuture\9999.0-empty-to-avoid-conflict-with-guava\listenablefuture-9999.0-empty-to-avoid-conflict-with-guava.jar;C:\Users\kemal\.m2\repository\com\google\code\findbugs\jsr305\3.0.2\jsr305-3.0.2.jar;C:\Users\kemal\.m2\repository\org\checkerframework\checker-qual\3.12.0\checker-qual-3.12.0.jar;C:\Users\kemal\.m2\repository\com\google\errorprone\error_prone_annotations\2.7.1\error_prone_annotations-2.7.1.jar;C:\Users\kemal\.m2\repository\com\google\j2objc\j2objc-annotations\1.3\j2objc-annotations-1.3.jar;C:\Users\kemal\.m2\repository\com\google\inject\guice\5.0.1\guice-5.0.1.jar;C:\Users\kemal\.m2\repository\javax\inject\javax.inject\1\javax.inject-1.jar;C:\Users\kemal\.m2\repository\aopalliance\aopalliance\1.0\aopalliance-1.0.jar;C:\Users\kemal\.m2\repository\org\jsoup\jsoup\1.14.3\jsoup-1.14.3.jar;C:\Users\kemal\.m2\repository\com\thoughtworks\xstream\xstream\1.4.18\xstream-1.4.18.jar;C:\Users\kemal\.m2\repository\io\github\x-stream\mxparser\1.2.2\mxparser-1.2.2.jar;C:\Users\kemal\.m2\repository\xmlpull\xmlpull\1.1.3.1\xmlpull-1.1.3.1.jar;C:\Users\kemal\.m2\repository\io\cucumber\cucumber-java\6.11.0\cucumber-java-6.11.0.jar;C:\Users\kemal\.m2\repository\com\typesafe\config\1.3.1\config-1.3.1.jar;C:\Users\kemal\.m2\repository\org\imgscalr\imgscalr-lib\4.2\imgscalr-lib-4.2.jar;C:\Users\kemal\.m2\repository\org\awaitility\awaitility\4.1.0\awaitility-4.1.0.jar;C:\Users\kemal\.m2\repository\org\freemarker\freemarker\2.3.31\freemarker-2.3.31.jar;C:\Users\kemal\.m2\repository\org\reflections\reflections\0.10.2\reflections-0.10.2.jar;C:\Users\kemal\.m2\repository\org\javassist\javassist\3.28.0-GA\javassist-3.28.0-GA.jar;C:\Users\kemal\.m2\repository\net\sourceforge\jexcelapi\jxl\2.6.12\jxl-2.6.12.jar;C:\Users\kemal\.m2\repository\net\bytebuddy\byte-buddy\1.11.22\byte-buddy-1.11.22.jar;C:\Users\kemal\.m2\repository\net\bytebuddy\byte-buddy-agent\1.11.22\byte-buddy-agent-1.11.22.jar;C:\Users\kemal\.m2\repository\org\objenesis\objenesis\3.1\objenesis-3.1.jar;C:\Users\kemal\.m2\repository\net\serenity-bdd\serenity-reports\3.1.5\serenity-reports-3.1.5.jar;C:\Users\kemal\.m2\repository\net\serenity-bdd\serenity-stats\3.1.5\serenity-stats-3.1.5.jar;C:\Users\kemal\.m2\repository\net\serenity-bdd\serenity-reports-configuration\3.1.5\serenity-reports-configuration-3.1.5.jar;C:\Users\kemal\.m2\repository\com\vladsch\flexmark\flexmark-all\0.34.30\flexmark-all-0.34.30.jar;C:\Users\kemal\.m2\repository\com\vladsch\flexmark\flexmark\0.34.30\flexmark-0.34.30.jar;C:\Users\kemal\.m2\repository\com\vladsch\flexmark\flexmark-ext-abbreviation\0.34.30\flexmark-ext-abbreviation-0.34.30.jar;C:\Users\kemal\.m2\repository\com\vladsch\flexmark\flexmark-ext-admonition\0.34.30\flexmark-ext-admonition-0.34.30.jar;C:\Users\kemal\.m2\repository\com\vladsch\flexmark\flexmark-ext-anchorlink\0.34.30\flexmark-ext-anchorlink-0.34.30.jar;C:\Users\kemal\.m2\repository\com\vladsch\flexmark\flexmark-ext-aside\0.34.30\flexmark-ext-aside-0.34.30.jar;C:\Users\kemal\.m2\repository\com\vladsch\flexmark\flexmark-ext-attributes\0.34.30\flexmark-ext-attributes-0.34.30.jar;C:\Users\kemal\.m2\repository\com\vladsch\flexmark\flexmark-ext-autolink\0.34.30\flexmark-ext-autolink-0.34.30.jar;C:\Users\kemal\.m2\repository\org\nibor\autolink\autolink\0.6.0\autolink-0.6.0.jar;C:\Users\kemal\.m2\repository\com\vladsch\flexmark\flexmark-ext-definition\0.34.30\flexmark-ext-definition-0.34.30.jar;C:\Users\kemal\.m2\repository\com\vladsch\flexmark\flexmark-ext-emoji\0.34.30\flexmark-ext-emoji-0.34.30.jar;C:\Users\kemal\.m2\repository\com\vladsch\flexmark\flexmark-ext-enumerated-reference\0.34.30\flexmark-ext-enumerated-reference-0.34.30.jar;C:\Users\kemal\.m2\repository\com\vladsch\flexmark\flexmark-ext-escaped-character\0.34.30\flexmark-ext-escaped-character-0.34.30.jar;C:\Users\kemal\.m2\repository\com\vladsch\flexmark\flexmark-ext-footnotes\0.34.30\flexmark-ext-footnotes-0.34.30.jar;C:\Users\kemal\.m2\repository\com\vladsch\flexmark\flexmark-ext-gfm-issues\0.34.30\flexmark-ext-gfm-issues-0.34.30.jar;C:\Users\kemal\.m2\repository\com\vladsch\flexmark\flexmark-ext-gfm-strikethrough\0.34.30\flexmark-ext-gfm-strikethrough-0.34.30.jar;C:\Users\kemal\.m2\repository\com\vladsch\flexmark\flexmark-ext-gfm-tables\0.34.30\flexmark-ext-gfm-tables-0.34.30.jar;C:\Users\kemal\.m2\repository\com\vladsch\flexmark\flexmark-ext-gfm-tasklist\0.34.30\flexmark-ext-gfm-tasklist-0.34.30.jar;C:\Users\kemal\.m2\repository\com\vladsch\flexmark\flexmark-ext-gfm-users\0.34.30\flexmark-ext-gfm-users-0.34.30.jar;C:\Users\kemal\.m2\repository\com\vladsch\flexmark\flexmark-ext-gitlab\0.34.30\flexmark-ext-gitlab-0.34.30.jar;C:\Users\kemal\.m2\repository\com\vladsch\flexmark\flexmark-ext-jekyll-front-matter\0.34.30\flexmark-ext-jekyll-front-matter-0.34.30.jar;C:\Users\kemal\.m2\repository\com\vladsch\flexmark\flexmark-ext-jekyll-tag\0.34.30\flexmark-ext-jekyll-tag-0.34.30.jar;C:\Users\kemal\.m2\repository\com\vladsch\flexmark\flexmark-ext-media-tags\0.34.30\flexmark-ext-media-tags-0.34.30.jar;C:\Users\kemal\.m2\repository\com\vladsch\flexmark\flexmark-test-util\0.34.30\flexmark-test-util-0.34.30.jar;C:\Users\kemal\.m2\repository\com\vladsch\flexmark\flexmark-ext-ins\0.34.30\flexmark-ext-ins-0.34.30.jar;C:\Users\kemal\.m2\repository\com\vladsch\flexmark\flexmark-ext-xwiki-macros\0.34.30\flexmark-ext-xwiki-macros-0.34.30.jar;C:\Users\kemal\.m2\repository\com\vladsch\flexmark\flexmark-ext-superscript\0.34.30\flexmark-ext-superscript-0.34.30.jar;C:\Users\kemal\.m2\repository\com\vladsch\flexmark\flexmark-ext-tables\0.34.30\flexmark-ext-tables-0.34.30.jar;C:\Users\kemal\.m2\repository\com\vladsch\flexmark\flexmark-ext-toc\0.34.30\flexmark-ext-toc-0.34.30.jar;C:\Users\kemal\.m2\repository\com\vladsch\flexmark\flexmark-ext-typographic\0.34.30\flexmark-ext-typographic-0.34.30.jar;C:\Users\kemal\.m2\repository\com\vladsch\flexmark\flexmark-ext-wikilink\0.34.30\flexmark-ext-wikilink-0.34.30.jar;C:\Users\kemal\.m2\repository\com\vladsch\flexmark\flexmark-ext-yaml-front-matter\0.34.30\flexmark-ext-yaml-front-matter-0.34.30.jar;C:\Users\kemal\.m2\repository\com\vladsch\flexmark\flexmark-ext-youtube-embedded\0.34.30\flexmark-ext-youtube-embedded-0.34.30.jar;C:\Users\kemal\.m2\repository\com\vladsch\flexmark\flexmark-formatter\0.34.30\flexmark-formatter-0.34.30.jar;C:\Users\kemal\.m2\repository\com\vladsch\flexmark\flexmark-html-parser\0.34.30\flexmark-html-parser-0.34.30.jar;C:\Users\kemal\.m2\repository\com\vladsch\flexmark\flexmark-jira-converter\0.34.30\flexmark-jira-converter-0.34.30.jar;C:\Users\kemal\.m2\repository\com\vladsch\flexmark\flexmark-pdf-converter\0.34.30\flexmark-pdf-converter-0.34.30.jar;C:\Users\kemal\.m2\repository\com\openhtmltopdf\openhtmltopdf-core\0.0.1-RC13\openhtmltopdf-core-0.0.1-RC13.jar;C:\Users\kemal\.m2\repository\com\openhtmltopdf\openhtmltopdf-pdfbox\0.0.1-RC13\openhtmltopdf-pdfbox-0.0.1-RC13.jar;C:\Users\kemal\.m2\repository\org\apache\pdfbox\pdfbox\2.0.8\pdfbox-2.0.8.jar;C:\Users\kemal\.m2\repository\org\apache\pdfbox\fontbox\2.0.8\fontbox-2.0.8.jar;C:\Users\kemal\.m2\repository\org\apache\pdfbox\xmpbox\2.0.8\xmpbox-2.0.8.jar;C:\Users\kemal\.m2\repository\de\rototor\pdfbox\graphics2d\0.12\graphics2d-0.12.jar;C:\Users\kemal\.m2\repository\com\openhtmltopdf\openhtmltopdf-rtl-support\0.0.1-RC13\openhtmltopdf-rtl-support-0.0.1-RC13.jar;C:\Users\kemal\.m2\repository\com\ibm\icu\icu4j\59.1\icu4j-59.1.jar;C:\Users\kemal\.m2\repository\com\openhtmltopdf\openhtmltopdf-jsoup-dom-converter\0.0.1-RC13\openhtmltopdf-jsoup-dom-converter-0.0.1-RC13.jar;C:\Users\kemal\.m2\repository\com\vladsch\flexmark\flexmark-profile-pegdown\0.34.30\flexmark-profile-pegdown-0.34.30.jar;C:\Users\kemal\.m2\repository\com\vladsch\flexmark\flexmark-util\0.34.30\flexmark-util-0.34.30.jar;C:\Users\kemal\.m2\repository\com\vladsch\flexmark\flexmark-youtrack-converter\0.34.30\flexmark-youtrack-converter-0.34.30.jar;C:\Users\kemal\.m2\repository\es\nitaur\markdown\txtmark\0.16\txtmark-0.16.jar;C:\Users\kemal\.m2\repository\net\serenity-bdd\serenity-report-resources\3.1.5\serenity-report-resources-3.1.5.jar;C:\Users\kemal\.m2\repository\com\google\code\gson\gson\2.8.8\gson-2.8.8.jar;C:\Users\kemal\.m2\repository\com\fasterxml\jackson\core\jackson-core\2.12.4\jackson-core-2.12.4.jar;C:\Users\kemal\.m2\repository\com\fasterxml\jackson\core\jackson-databind\2.12.4\jackson-databind-2.12.4.jar;C:\Users\kemal\.m2\repository\com\fasterxml\jackson\core\jackson-annotations\2.12.4\jackson-annotations-2.12.4.jar;C:\Users\kemal\.m2\repository\commons-codec\commons-codec\1.15\commons-codec-1.15.jar;C:\Users\kemal\.m2\repository\commons-io\commons-io\2.8.0\commons-io-2.8.0.jar;C:\Users\kemal\.m2\repository\org\seleniumhq\selenium\selenium-java\4.0.0\selenium-java-4.0.0.jar;C:\Users\kemal\.m2\repository\org\seleniumhq\selenium\selenium-devtools-v85\4.0.0\selenium-devtools-v85-4.0.0.jar;C:\Users\kemal\.m2\repository\org\seleniumhq\selenium\selenium-devtools-v93\4.0.0\selenium-devtools-v93-4.0.0.jar;C:\Users\kemal\.m2\repository\org\seleniumhq\selenium\selenium-devtools-v94\4.0.0\selenium-devtools-v94-4.0.0.jar;C:\Users\kemal\.m2\repository\org\seleniumhq\selenium\selenium-devtools-v95\4.0.0\selenium-devtools-v95-4.0.0.jar;C:\Users\kemal\.m2\repository\org\seleniumhq\selenium\selenium-firefox-xpi-driver\4.0.0\selenium-firefox-xpi-driver-4.0.0.jar;C:\Users\kemal\.m2\repository\org\seleniumhq\selenium\selenium-opera-driver\4.0.0\selenium-opera-driver-4.0.0.jar;C:\Users\kemal\.m2\repository\org\seleniumhq\selenium\selenium-remote-driver\4.0.0\selenium-remote-driver-4.0.0.jar;C:\Users\kemal\.m2\repository\com\beust\jcommander\1.81\jcommander-1.81.jar;C:\Users\kemal\.m2\repository\io\netty\netty-buffer\4.1.68.Final\netty-buffer-4.1.68.Final.jar;C:\Users\kemal\.m2\repository\io\netty\netty-codec-http\4.1.67.Final\netty-codec-http-4.1.67.Final.jar;C:\Users\kemal\.m2\repository\io\netty\netty-codec\4.1.67.Final\netty-codec-4.1.67.Final.jar;C:\Users\kemal\.m2\repository\io\netty\netty-handler\4.1.67.Final\netty-handler-4.1.67.Final.jar;C:\Users\kemal\.m2\repository\io\netty\netty-common\4.1.68.Final\netty-common-4.1.68.Final.jar;C:\Users\kemal\.m2\repository\io\netty\netty-transport-native-epoll\4.1.67.Final\netty-transport-native-epoll-4.1.67.Final.jar;C:\Users\kemal\.m2\repository\io\netty\netty-transport-native-kqueue\4.1.67.Final\netty-transport-native-kqueue-4.1.67.Final.jar;C:\Users\kemal\.m2\repository\io\netty\netty-transport-native-unix-common\4.1.67.Final\netty-transport-native-unix-common-4.1.67.Final.jar;C:\Users\kemal\.m2\repository\io\netty\netty-transport\4.1.68.Final\netty-transport-4.1.68.Final.jar;C:\Users\kemal\.m2\repository\io\netty\netty-resolver\4.1.68.Final\netty-resolver-4.1.68.Final.jar;C:\Users\kemal\.m2\repository\io\opentelemetry\opentelemetry-api\1.6.0\opentelemetry-api-1.6.0.jar;C:\Users\kemal\.m2\repository\io\opentelemetry\opentelemetry-context\1.6.0\opentelemetry-context-1.6.0.jar;C:\Users\kemal\.m2\repository\io\opentelemetry\opentelemetry-exporter-logging\1.6.0\opentelemetry-exporter-logging-1.6.0.jar;C:\Users\kemal\.m2\repository\io\opentelemetry\opentelemetry-sdk-metrics\1.6.0-alpha\opentelemetry-sdk-metrics-1.6.0-alpha.jar;C:\Users\kemal\.m2\repository\io\opentelemetry\opentelemetry-sdk-common\1.6.0\opentelemetry-sdk-common-1.6.0.jar;C:\Users\kemal\.m2\repository\io\opentelemetry\opentelemetry-sdk-extension-autoconfigure-spi\1.6.0\opentelemetry-sdk-extension-autoconfigure-spi-1.6.0.jar;C:\Users\kemal\.m2\repository\io\opentelemetry\opentelemetry-sdk-extension-autoconfigure\1.6.0-alpha\opentelemetry-sdk-extension-autoconfigure-1.6.0-alpha.jar;C:\Users\kemal\.m2\repository\io\opentelemetry\opentelemetry-sdk-trace\1.6.0\opentelemetry-sdk-trace-1.6.0.jar;C:\Users\kemal\.m2\repository\io\opentelemetry\opentelemetry-api-metrics\1.6.0-alpha\opentelemetry-api-metrics-1.6.0-alpha.jar;C:\Users\kemal\.m2\repository\io\opentelemetry\opentelemetry-sdk\1.6.0\opentelemetry-sdk-1.6.0.jar;C:\Users\kemal\.m2\repository\io\opentelemetry\opentelemetry-semconv\1.6.0-alpha\opentelemetry-semconv-1.6.0-alpha.jar;C:\Users\kemal\.m2\repository\io\ous\jtoml\2.0.0\jtoml-2.0.0.jar;C:\Users\kemal\.m2\repository\org\apache\commons\commons-exec\1.3\commons-exec-1.3.jar;C:\Users\kemal\.m2\repository\org\asynchttpclient\async-http-client\2.12.3\async-http-client-2.12.3.jar;C:\Users\kemal\.m2\repository\org\asynchttpclient\async-http-client-netty-utils\2.12.3\async-http-client-netty-utils-2.12.3.jar;C:\Users\kemal\.m2\repository\io\netty\netty-codec-socks\4.1.60.Final\netty-codec-socks-4.1.60.Final.jar;C:\Users\kemal\.m2\repository\io\netty\netty-handler-proxy\4.1.60.Final\netty-handler-proxy-4.1.60.Final.jar;C:\Users\kemal\.m2\repository\io\netty\netty-transport-native-epoll\4.1.60.Final\netty-transport-native-epoll-4.1.60.Final-linux-x86_64.jar;C:\Users\kemal\.m2\repository\io\netty\netty-transport-native-kqueue\4.1.60.Final\netty-transport-native-kqueue-4.1.60.Final-osx-x86_64.jar;C:\Users\kemal\.m2\repository\org\reactivestreams\reactive-streams\1.0.3\reactive-streams-1.0.3.jar;C:\Users\kemal\.m2\repository\com\typesafe\netty\netty-reactive-streams\2.0.4\netty-reactive-streams-2.0.4.jar;C:\Users\kemal\.m2\repository\org\seleniumhq\selenium\selenium-http\4.0.0\selenium-http-4.0.0.jar;C:\Users\kemal\.m2\repository\org\seleniumhq\selenium\selenium-safari-driver\4.0.0\selenium-safari-driver-4.0.0.jar;C:\Users\kemal\.m2\repository\org\seleniumhq\selenium\selenium-api\4.0.0\selenium-api-4.0.0.jar;C:\Users\kemal\.m2\repository\org\seleniumhq\selenium\selenium-support\4.0.0\selenium-support-4.0.0.jar;C:\Users\kemal\.m2\repository\com\google\auto\service\auto-service-annotations\1.0\auto-service-annotations-1.0.jar;C:\Users\kemal\.m2\repository\com\google\auto\service\auto-service\1.0\auto-service-1.0.jar;C:\Users\kemal\.m2\repository\com\google\auto\auto-common\1.0\auto-common-1.0.jar;C:\Users\kemal\.m2\repository\org\seleniumhq\selenium\selenium-json\4.0.0\selenium-json-4.0.0.jar;C:\Users\kemal\.m2\repository\org\seleniumhq\selenium\selenium-chrome-driver\4.0.0\selenium-chrome-driver-4.0.0.jar;C:\Users\kemal\.m2\repository\org\seleniumhq\selenium\selenium-chromium-driver\4.0.0\selenium-chromium-driver-4.0.0.jar;C:\Users\kemal\.m2\repository\org\seleniumhq\selenium\selenium-firefox-driver\4.0.0\selenium-firefox-driver-4.0.0.jar;C:\Users\kemal\.m2\repository\org\seleniumhq\selenium\selenium-edge-driver\4.0.0\selenium-edge-driver-4.0.0.jar;C:\Users\kemal\.m2\repository\org\seleniumhq\selenium\selenium-ie-driver\4.0.0\selenium-ie-driver-4.0.0.jar;C:\Users\kemal\.m2\repository\org\projectlombok\lombok\1.18.20\lombok-1.18.20.jar;C:\Users\kemal\.m2\repository\io\appium\java-client\8.0.0-beta\java-client-8.0.0-beta.jar;C:\Users\kemal\.m2\repository\commons-validator\commons-validator\1.7\commons-validator-1.7.jar;C:\Users\kemal\.m2\repository\commons-digester\commons-digester\2.1\commons-digester-2.1.jar;C:\Users\kemal\.m2\repository\org\aspectj\aspectjweaver\1.9.7\aspectjweaver-1.9.7.jar;C:\Users\kemal\.m2\repository\org\codehaus\groovy\groovy\3.0.9\groovy-3.0.9.jar;C:\Users\kemal\.m2\repository\net\sf\opencsv\opencsv\2.0\opencsv-2.0.jar;C:\Users\kemal\.m2\repository\commons-beanutils\commons-beanutils\1.9.4\commons-beanutils-1.9.4.jar;C:\Users\kemal\.m2\repository\org\apache\commons\commons-lang3\3.11\commons-lang3-3.11.jar;C:\Users\kemal\.m2\repository\commons-collections\commons-collections\3.2.2\commons-collections-3.2.2.jar;C:\Users\kemal\.m2\repository\org\fluentlenium\fluentlenium-core\0.10.2\fluentlenium-core-0.10.2.jar;C:\Users\kemal\.m2\repository\io\github\bonigarcia\webdrivermanager\5.0.3\webdrivermanager-5.0.3.jar;C:\Users\kemal\.m2\repository\com\github\docker-java\docker-java\3.2.12\docker-java-3.2.12.jar;C:\Users\kemal\.m2\repository\com\github\docker-java\docker-java-core\3.2.12\docker-java-core-3.2.12.jar;C:\Users\kemal\.m2\repository\com\github\docker-java\docker-java-api\3.2.12\docker-java-api-3.2.12.jar;C:\Users\kemal\.m2\repository\org\apache\commons\commons-compress\1.21\commons-compress-1.21.jar;C:\Users\kemal\.m2\repository\commons-lang\commons-lang\2.6\commons-lang-2.6.jar;C:\Users\kemal\.m2\repository\org\bouncycastle\bcpkix-jdk15on\1.64\bcpkix-jdk15on-1.64.jar;C:\Users\kemal\.m2\repository\org\bouncycastle\bcprov-jdk15on\1.64\bcprov-jdk15on-1.64.jar;C:\Users\kemal\.m2\repository\org\slf4j\jcl-over-slf4j\1.7.30\jcl-over-slf4j-1.7.30.jar;C:\Users\kemal\.m2\repository\com\github\docker-java\docker-java-transport-httpclient5\3.2.12\docker-java-transport-httpclient5-3.2.12.jar;C:\Users\kemal\.m2\repository\com\github\docker-java\docker-java-transport\3.2.12\docker-java-transport-3.2.12.jar;C:\Users\kemal\.m2\repository\org\apache\httpcomponents\client5\httpclient5\5.0.3\httpclient5-5.0.3.jar;C:\Users\kemal\.m2\repository\org\apache\httpcomponents\core5\httpcore5\5.0.2\httpcore5-5.0.2.jar;C:\Users\kemal\.m2\repository\net\java\dev\jna\jna\5.8.0\jna-5.8.0.jar;C:\Users\kemal\.m2\repository\org\brotli\dec\0.1.2\dec-0.1.2.jar;C:\Users\kemal\.m2\repository\com\jhlabs\filters\2.0.235\filters-2.0.235.jar;C:\Users\kemal\.m2\repository\com\paulhammant\ngwebdriver\1.1.5\ngwebdriver-1.1.5.jar;C:\Users\kemal\.m2\repository\joda-time\joda-time\2.8.2\joda-time-2.8.2.jar;C:\Users\kemal\.m2\repository\org\hamcrest\hamcrest\2.2\hamcrest-2.2.jar;C:\Users\kemal\.m2\repository\com\google\jimfs\jimfs\1.1\jimfs-1.1.jar;C:\Users\kemal\.m2\repository\org\mockito\mockito-core\3.3.3\mockito-core-3.3.3.jar;C:\Users\kemal\.m2\repository\javax\xml\bind\jaxb-api\2.3.1\jaxb-api-2.3.1.jar;C:\Users\kemal\.m2\repository\javax\activation\javax.activation-api\1.2.0\javax.activation-api-1.2.0.jar;C:\Users\kemal\.m2\repository\com\sun\xml\bind\jaxb-core\2.3.0.1\jaxb-core-2.3.0.1.jar;C:\Users\kemal\.m2\repository\com\sun\xml\bind\jaxb-impl\2.3.3\jaxb-impl-2.3.3.jar;C:\Users\kemal\.m2\repository\jakarta\xml\bind\jakarta.xml.bind-api\2.3.3\jakarta.xml.bind-api-2.3.3.jar;C:\Users\kemal\.m2\repository\com\sun\activation\jakarta.activation\1.2.2\jakarta.activation-1.2.2.jar;C:\Users\kemal\.m2\repository\javax\activation\activation\1.1.1\activation-1.1.1.jar;C:\Users\kemal\.m2\repository\net\serenity-bdd\serenity-cucumber\3.1.5\serenity-cucumber-3.1.5.jar;C:\Users\kemal\.m2\repository\io\cucumber\cucumber-core\6.11.0\cucumber-core-6.11.0.jar;C:\Users\kemal\.m2\repository\io\cucumber\cucumber-gherkin\6.11.0\cucumber-gherkin-6.11.0.jar;C:\Users\kemal\.m2\repository\io\cucumber\cucumber-gherkin-messages\6.11.0\cucumber-gherkin-messages-6.11.0.jar;C:\Users\kemal\.m2\repository\io\cucumber\messages\15.0.0\messages-15.0.0.jar;C:\Users\kemal\.m2\repository\io\cucumber\tag-expressions\3.0.1\tag-expressions-3.0.1.jar;C:\Users\kemal\.m2\repository\io\cucumber\cucumber-expressions\10.3.0\cucumber-expressions-10.3.0.jar;C:\Users\kemal\.m2\repository\io\cucumber\datatable\3.5.0\datatable-3.5.0.jar;C:\Users\kemal\.m2\repository\io\cucumber\cucumber-plugin\6.11.0\cucumber-plugin-6.11.0.jar;C:\Users\kemal\.m2\repository\io\cucumber\docstring\6.11.0\docstring-6.11.0.jar;C:\Users\kemal\.m2\repository\io\cucumber\html-formatter\13.0.0\html-formatter-13.0.0.jar;C:\Users\kemal\.m2\repository\io\cucumber\create-meta\4.0.0\create-meta-4.0.0.jar;C:\Users\kemal\.m2\repository\io\cucumber\cucumber-junit\6.11.0\cucumber-junit-6.11.0.jar;C:\Users\kemal\.m2\repository\org\apache\commons\commons-csv\1.5\commons-csv-1.5.jar;C:\Users\kemal\.m2\repository\net\serenity-bdd\serenity-screenplay\3.1.5\serenity-screenplay-3.1.5.jar;C:\Users\kemal\.m2\repository\net\serenity-bdd\serenity-screenplay-webdriver\3.1.5\serenity-screenplay-webdriver-3.1.5.jar;C:\Users\kemal\.m2\repository\net\serenity-bdd\serenity-ensure\3.1.5\serenity-ensure-3.1.5.jar;C:\Users\kemal\.m2\repository\net\serenity-bdd\serenity-junit\3.1.5\serenity-junit-3.1.5.jar;C:\Users\kemal\.m2\repository\org\jetbrains\kotlin\kotlin-stdlib\1.6.0\kotlin-stdlib-1.6.0.jar;C:\Users\kemal\.m2\repository\org\jetbrains\annotations\13.0\annotations-13.0.jar;C:\Users\kemal\.m2\repository\org\jetbrains\kotlin\kotlin-stdlib-common\1.6.0\kotlin-stdlib-common-1.6.0.jar;C:\Users\kemal\.m2\repository\org\junit\platform\junit-platform-launcher\1.8.1\junit-platform-launcher-1.8.1.jar;C:\Users\kemal\.m2\repository\org\junit\platform\junit-platform-engine\1.8.1\junit-platform-engine-1.8.1.jar;C:\Users\kemal\.m2\repository\org\junit\platform\junit-platform-commons\1.8.1\junit-platform-commons-1.8.1.jar;C:\Users\kemal\.m2\repository\org\apiguardian\apiguardian-api\1.1.2\apiguardian-api-1.1.2.jar;C:\Users\kemal\.m2\repository\org\junit\jupiter\junit-jupiter-engine\5.8.1\junit-jupiter-engine-5.8.1.jar;C:\Users\kemal\.m2\repository\org\junit\jupiter\junit-jupiter-api\5.8.1\junit-jupiter-api-5.8.1.jar;C:\Users\kemal\.m2\repository\org\junit\vintage\junit-vintage-engine\5.8.1\junit-vintage-engine-5.8.1.jar;C:\Users\kemal\.m2\repository\junit\junit\4.13.2\junit-4.13.2.jar;C:\Users\kemal\.m2\repository\org\hamcrest\hamcrest-core\1.3\hamcrest-core-1.3.jar;C:\Users\kemal\.m2\repository\ch\qos\logback\logback-classic\1.0.13\logback-classic-1.0.13.jar;C:\Users\kemal\.m2\repository\ch\qos\logback\logback-core\1.0.13\logback-core-1.0.13.jar;C:\Users\kemal\.m2\repository\org\slf4j\slf4j-api\1.7.5\slf4j-api-1.7.5.jar;C:\Users\kemal\.m2\repository\org\assertj\assertj-core\3.6.2\assertj-core-3.6.2.jar;C:\Users\kemal\.m2\repository\org\slf4j\slf4j-simple\1.7.32\slf4j-simple-1.7.32.jar;"/>
    <property name="java.vm.vendor" value="Amazon.com Inc."/>
    <property name="sun.arch.data.model" value="64"/>
    <property name="user.variant" value=""/>
    <property name="java.vendor.url" value="https://aws.amazon.com/corretto/"/>
    <property name="user.timezone" value="Asia/Istanbul"/>
    <property name="java.vm.specification.version" value="11"/>
    <property name="os.name" value="Windows 10"/>
    <property name="sun.java.launcher" value="SUN_STANDARD"/>
    <property name="user.country" value="TR"/>
    <property name="sun.boot.library.path" value="C:\Program Files\Amazon Corretto\jdk11.0.13_8\bin"/>
    <property name="sun.java.command" value="org.apache.maven.surefire.booter.ForkedBooter C:\Users\kemal\AppData\Local\Temp\surefire2325909711156680971 2021-12-24T21-55-12_454-jvmRun1 surefire14574290789486057252tmp surefire_01477101064723041067tmp"/>
    <property name="jdk.debug" value="release"/>
    <property name="surefire.test.class.path" value="C:\Users\kemal\OneDrive\Belgeler\GitHub\writing-steps-to-console-kemalkagankural\target\test-classes;C:\Users\kemal\.m2\repository\net\serenity-bdd\serenity-screenplay-rest\3.1.5\serenity-screenplay-rest-3.1.5.jar;C:\Users\kemal\.m2\repository\net\serenity-bdd\serenity-rest-assured\3.1.5\serenity-rest-assured-3.1.5.jar;C:\Users\kemal\.m2\repository\org\apache\httpcomponents\httpclient\4.5.13\httpclient-4.5.13.jar;C:\Users\kemal\.m2\repository\org\apache\httpcomponents\httpcore\4.4.13\httpcore-4.4.13.jar;C:\Users\kemal\.m2\repository\commons-logging\commons-logging\1.2\commons-logging-1.2.jar;C:\Users\kemal\.m2\repository\io\rest-assured\rest-assured\4.4.0\rest-assured-4.4.0.jar;C:\Users\kemal\.m2\repository\org\apache\httpcomponents\httpmime\4.5.13\httpmime-4.5.13.jar;C:\Users\kemal\.m2\repository\org\ccil\cowan\tagsoup\tagsoup\1.2.1\tagsoup-1.2.1.jar;C:\Users\kemal\.m2\repository\io\rest-assured\json-path\4.4.0\json-path-4.4.0.jar;C:\Users\kemal\.m2\repository\io\rest-assured\rest-assured-common\4.4.0\rest-assured-common-4.4.0.jar;C:\Users\kemal\.m2\repository\io\rest-assured\xml-path\4.4.0\xml-path-4.4.0.jar;C:\Users\kemal\.m2\repository\org\codehaus\groovy\groovy-json\3.0.9\groovy-json-3.0.9.jar;C:\Users\kemal\.m2\repository\org\codehaus\groovy\groovy-xml\3.0.9\groovy-xml-3.0.9.jar;C:\Users\kemal\.m2\repository\org\opentest4j\opentest4j\1.2.0\opentest4j-1.2.0.jar;C:\Users\kemal\.m2\repository\net\serenity-bdd\serenity-core\3.1.5\serenity-core-3.1.5.jar;C:\Users\kemal\.m2\repository\net\serenity-bdd\serenity-model\3.1.5\serenity-model-3.1.5.jar;C:\Users\kemal\.m2\repository\org\apache\commons\commons-text\1.9\commons-text-1.9.jar;C:\Users\kemal\.m2\repository\commons-net\commons-net\3.6\commons-net-3.6.jar;C:\Users\kemal\.m2\repository\com\google\guava\guava\31.0.1-jre\guava-31.0.1-jre.jar;C:\Users\kemal\.m2\repository\com\google\guava\failureaccess\1.0.1\failureaccess-1.0.1.jar;C:\Users\kemal\.m2\repository\com\google\guava\listenablefuture\9999.0-empty-to-avoid-conflict-with-guava\listenablefuture-9999.0-empty-to-avoid-conflict-with-guava.jar;C:\Users\kemal\.m2\repository\com\google\code\findbugs\jsr305\3.0.2\jsr305-3.0.2.jar;C:\Users\kemal\.m2\repository\org\checkerframework\checker-qual\3.12.0\checker-qual-3.12.0.jar;C:\Users\kemal\.m2\repository\com\google\errorprone\error_prone_annotations\2.7.1\error_prone_annotations-2.7.1.jar;C:\Users\kemal\.m2\repository\com\google\j2objc\j2objc-annotations\1.3\j2objc-annotations-1.3.jar;C:\Users\kemal\.m2\repository\com\google\inject\guice\5.0.1\guice-5.0.1.jar;C:\Users\kemal\.m2\repository\javax\inject\javax.inject\1\javax.inject-1.jar;C:\Users\kemal\.m2\repository\aopalliance\aopalliance\1.0\aopalliance-1.0.jar;C:\Users\kemal\.m2\repository\org\jsoup\jsoup\1.14.3\jsoup-1.14.3.jar;C:\Users\kemal\.m2\repository\com\thoughtworks\xstream\xstream\1.4.18\xstream-1.4.18.jar;C:\Users\kemal\.m2\repository\io\github\x-stream\mxparser\1.2.2\mxparser-1.2.2.jar;C:\Users\kemal\.m2\repository\xmlpull\xmlpull\1.1.3.1\xmlpull-1.1.3.1.jar;C:\Users\kemal\.m2\repository\io\cucumber\cucumber-java\6.11.0\cucumber-java-6.11.0.jar;C:\Users\kemal\.m2\repository\com\typesafe\config\1.3.1\config-1.3.1.jar;C:\Users\kemal\.m2\repository\org\imgscalr\imgscalr-lib\4.2\imgscalr-lib-4.2.jar;C:\Users\kemal\.m2\repository\org\awaitility\awaitility\4.1.0\awaitility-4.1.0.jar;C:\Users\kemal\.m2\repository\org\freemarker\freemarker\2.3.31\freemarker-2.3.31.jar;C:\Users\kemal\.m2\repository\org\reflections\reflections\0.10.2\reflections-0.10.2.jar;C:\Users\kemal\.m2\repository\org\javassist\javassist\3.28.0-GA\javassist-3.28.0-GA.jar;C:\Users\kemal\.m2\repository\net\sourceforge\jexcelapi\jxl\2.6.12\jxl-2.6.12.jar;C:\Users\kemal\.m2\repository\net\bytebuddy\byte-buddy\1.11.22\byte-buddy-1.11.22.jar;C:\Users\kemal\.m2\repository\net\bytebuddy\byte-buddy-agent\1.11.22\byte-buddy-agent-1.11.22.jar;C:\Users\kemal\.m2\repository\org\objenesis\objenesis\3.1\objenesis-3.1.jar;C:\Users\kemal\.m2\repository\net\serenity-bdd\serenity-reports\3.1.5\serenity-reports-3.1.5.jar;C:\Users\kemal\.m2\repository\net\serenity-bdd\serenity-stats\3.1.5\serenity-stats-3.1.5.jar;C:\Users\kemal\.m2\repository\net\serenity-bdd\serenity-reports-configuration\3.1.5\serenity-reports-configuration-3.1.5.jar;C:\Users\kemal\.m2\repository\com\vladsch\flexmark\flexmark-all\0.34.30\flexmark-all-0.34.30.jar;C:\Users\kemal\.m2\repository\com\vladsch\flexmark\flexmark\0.34.30\flexmark-0.34.30.jar;C:\Users\kemal\.m2\repository\com\vladsch\flexmark\flexmark-ext-abbreviation\0.34.30\flexmark-ext-abbreviation-0.34.30.jar;C:\Users\kemal\.m2\repository\com\vladsch\flexmark\flexmark-ext-admonition\0.34.30\flexmark-ext-admonition-0.34.30.jar;C:\Users\kemal\.m2\repository\com\vladsch\flexmark\flexmark-ext-anchorlink\0.34.30\flexmark-ext-anchorlink-0.34.30.jar;C:\Users\kemal\.m2\repository\com\vladsch\flexmark\flexmark-ext-aside\0.34.30\flexmark-ext-aside-0.34.30.jar;C:\Users\kemal\.m2\repository\com\vladsch\flexmark\flexmark-ext-attributes\0.34.30\flexmark-ext-attributes-0.34.30.jar;C:\Users\kemal\.m2\repository\com\vladsch\flexmark\flexmark-ext-autolink\0.34.30\flexmark-ext-autolink-0.34.30.jar;C:\Users\kemal\.m2\repository\org\nibor\autolink\autolink\0.6.0\autolink-0.6.0.jar;C:\Users\kemal\.m2\repository\com\vladsch\flexmark\flexmark-ext-definition\0.34.30\flexmark-ext-definition-0.34.30.jar;C:\Users\kemal\.m2\repository\com\vladsch\flexmark\flexmark-ext-emoji\0.34.30\flexmark-ext-emoji-0.34.30.jar;C:\Users\kemal\.m2\repository\com\vladsch\flexmark\flexmark-ext-enumerated-reference\0.34.30\flexmark-ext-enumerated-reference-0.34.30.jar;C:\Users\kemal\.m2\repository\com\vladsch\flexmark\flexmark-ext-escaped-character\0.34.30\flexmark-ext-escaped-character-0.34.30.jar;C:\Users\kemal\.m2\repository\com\vladsch\flexmark\flexmark-ext-footnotes\0.34.30\flexmark-ext-footnotes-0.34.30.jar;C:\Users\kemal\.m2\repository\com\vladsch\flexmark\flexmark-ext-gfm-issues\0.34.30\flexmark-ext-gfm-issues-0.34.30.jar;C:\Users\kemal\.m2\repository\com\vladsch\flexmark\flexmark-ext-gfm-strikethrough\0.34.30\flexmark-ext-gfm-strikethrough-0.34.30.jar;C:\Users\kemal\.m2\repository\com\vladsch\flexmark\flexmark-ext-gfm-tables\0.34.30\flexmark-ext-gfm-tables-0.34.30.jar;C:\Users\kemal\.m2\repository\com\vladsch\flexmark\flexmark-ext-gfm-tasklist\0.34.30\flexmark-ext-gfm-tasklist-0.34.30.jar;C:\Users\kemal\.m2\repository\com\vladsch\flexmark\flexmark-ext-gfm-users\0.34.30\flexmark-ext-gfm-users-0.34.30.jar;C:\Users\kemal\.m2\repository\com\vladsch\flexmark\flexmark-ext-gitlab\0.34.30\flexmark-ext-gitlab-0.34.30.jar;C:\Users\kemal\.m2\repository\com\vladsch\flexmark\flexmark-ext-jekyll-front-matter\0.34.30\flexmark-ext-jekyll-front-matter-0.34.30.jar;C:\Users\kemal\.m2\repository\com\vladsch\flexmark\flexmark-ext-jekyll-tag\0.34.30\flexmark-ext-jekyll-tag-0.34.30.jar;C:\Users\kemal\.m2\repository\com\vladsch\flexmark\flexmark-ext-media-tags\0.34.30\flexmark-ext-media-tags-0.34.30.jar;C:\Users\kemal\.m2\repository\com\vladsch\flexmark\flexmark-test-util\0.34.30\flexmark-test-util-0.34.30.jar;C:\Users\kemal\.m2\repository\com\vladsch\flexmark\flexmark-ext-ins\0.34.30\flexmark-ext-ins-0.34.30.jar;C:\Users\kemal\.m2\repository\com\vladsch\flexmark\flexmark-ext-xwiki-macros\0.34.30\flexmark-ext-xwiki-macros-0.34.30.jar;C:\Users\kemal\.m2\repository\com\vladsch\flexmark\flexmark-ext-superscript\0.34.30\flexmark-ext-superscript-0.34.30.jar;C:\Users\kemal\.m2\repository\com\vladsch\flexmark\flexmark-ext-tables\0.34.30\flexmark-ext-tables-0.34.30.jar;C:\Users\kemal\.m2\repository\com\vladsch\flexmark\flexmark-ext-toc\0.34.30\flexmark-ext-toc-0.34.30.jar;C:\Users\kemal\.m2\repository\com\vladsch\flexmark\flexmark-ext-typographic\0.34.30\flexmark-ext-typographic-0.34.30.jar;C:\Users\kemal\.m2\repository\com\vladsch\flexmark\flexmark-ext-wikilink\0.34.30\flexmark-ext-wikilink-0.34.30.jar;C:\Users\kemal\.m2\repository\com\vladsch\flexmark\flexmark-ext-yaml-front-matter\0.34.30\flexmark-ext-yaml-front-matter-0.34.30.jar;C:\Users\kemal\.m2\repository\com\vladsch\flexmark\flexmark-ext-youtube-embedded\0.34.30\flexmark-ext-youtube-embedded-0.34.30.jar;C:\Users\kemal\.m2\repository\com\vladsch\flexmark\flexmark-formatter\0.34.30\flexmark-formatter-0.34.30.jar;C:\Users\kemal\.m2\repository\com\vladsch\flexmark\flexmark-html-parser\0.34.30\flexmark-html-parser-0.34.30.jar;C:\Users\kemal\.m2\repository\com\vladsch\flexmark\flexmark-jira-converter\0.34.30\flexmark-jira-converter-0.34.30.jar;C:\Users\kemal\.m2\repository\com\vladsch\flexmark\flexmark-pdf-converter\0.34.30\flexmark-pdf-converter-0.34.30.jar;C:\Users\kemal\.m2\repository\com\openhtmltopdf\openhtmltopdf-core\0.0.1-RC13\openhtmltopdf-core-0.0.1-RC13.jar;C:\Users\kemal\.m2\repository\com\openhtmltopdf\openhtmltopdf-pdfbox\0.0.1-RC13\openhtmltopdf-pdfbox-0.0.1-RC13.jar;C:\Users\kemal\.m2\repository\org\apache\pdfbox\pdfbox\2.0.8\pdfbox-2.0.8.jar;C:\Users\kemal\.m2\repository\org\apache\pdfbox\fontbox\2.0.8\fontbox-2.0.8.jar;C:\Users\kemal\.m2\repository\org\apache\pdfbox\xmpbox\2.0.8\xmpbox-2.0.8.jar;C:\Users\kemal\.m2\repository\de\rototor\pdfbox\graphics2d\0.12\graphics2d-0.12.jar;C:\Users\kemal\.m2\repository\com\openhtmltopdf\openhtmltopdf-rtl-support\0.0.1-RC13\openhtmltopdf-rtl-support-0.0.1-RC13.jar;C:\Users\kemal\.m2\repository\com\ibm\icu\icu4j\59.1\icu4j-59.1.jar;C:\Users\kemal\.m2\repository\com\openhtmltopdf\openhtmltopdf-jsoup-dom-converter\0.0.1-RC13\openhtmltopdf-jsoup-dom-converter-0.0.1-RC13.jar;C:\Users\kemal\.m2\repository\com\vladsch\flexmark\flexmark-profile-pegdown\0.34.30\flexmark-profile-pegdown-0.34.30.jar;C:\Users\kemal\.m2\repository\com\vladsch\flexmark\flexmark-util\0.34.30\flexmark-util-0.34.30.jar;C:\Users\kemal\.m2\repository\com\vladsch\flexmark\flexmark-youtrack-converter\0.34.30\flexmark-youtrack-converter-0.34.30.jar;C:\Users\kemal\.m2\repository\es\nitaur\markdown\txtmark\0.16\txtmark-0.16.jar;C:\Users\kemal\.m2\repository\net\serenity-bdd\serenity-report-resources\3.1.5\serenity-report-resources-3.1.5.jar;C:\Users\kemal\.m2\repository\com\google\code\gson\gson\2.8.8\gson-2.8.8.jar;C:\Users\kemal\.m2\repository\com\fasterxml\jackson\core\jackson-core\2.12.4\jackson-core-2.12.4.jar;C:\Users\kemal\.m2\repository\com\fasterxml\jackson\core\jackson-databind\2.12.4\jackson-databind-2.12.4.jar;C:\Users\kemal\.m2\repository\com\fasterxml\jackson\core\jackson-annotations\2.12.4\jackson-annotations-2.12.4.jar;C:\Users\kemal\.m2\repository\commons-codec\commons-codec\1.15\commons-codec-1.15.jar;C:\Users\kemal\.m2\repository\commons-io\commons-io\2.8.0\commons-io-2.8.0.jar;C:\Users\kemal\.m2\repository\org\seleniumhq\selenium\selenium-java\4.0.0\selenium-java-4.0.0.jar;C:\Users\kemal\.m2\repository\org\seleniumhq\selenium\selenium-devtools-v85\4.0.0\selenium-devtools-v85-4.0.0.jar;C:\Users\kemal\.m2\repository\org\seleniumhq\selenium\selenium-devtools-v93\4.0.0\selenium-devtools-v93-4.0.0.jar;C:\Users\kemal\.m2\repository\org\seleniumhq\selenium\selenium-devtools-v94\4.0.0\selenium-devtools-v94-4.0.0.jar;C:\Users\kemal\.m2\repository\org\seleniumhq\selenium\selenium-devtools-v95\4.0.0\selenium-devtools-v95-4.0.0.jar;C:\Users\kemal\.m2\repository\org\seleniumhq\selenium\selenium-firefox-xpi-driver\4.0.0\selenium-firefox-xpi-driver-4.0.0.jar;C:\Users\kemal\.m2\repository\org\seleniumhq\selenium\selenium-opera-driver\4.0.0\selenium-opera-driver-4.0.0.jar;C:\Users\kemal\.m2\repository\org\seleniumhq\selenium\selenium-remote-driver\4.0.0\selenium-remote-driver-4.0.0.jar;C:\Users\kemal\.m2\repository\com\beust\jcommander\1.81\jcommander-1.81.jar;C:\Users\kemal\.m2\repository\io\netty\netty-buffer\4.1.68.Final\netty-buffer-4.1.68.Final.jar;C:\Users\kemal\.m2\repository\io\netty\netty-codec-http\4.1.67.Final\netty-codec-http-4.1.67.Final.jar;C:\Users\kemal\.m2\repository\io\netty\netty-codec\4.1.67.Final\netty-codec-4.1.67.Final.jar;C:\Users\kemal\.m2\repository\io\netty\netty-handler\4.1.67.Final\netty-handler-4.1.67.Final.jar;C:\Users\kemal\.m2\repository\io\netty\netty-common\4.1.68.Final\netty-common-4.1.68.Final.jar;C:\Users\kemal\.m2\repository\io\netty\netty-transport-native-epoll\4.1.67.Final\netty-transport-native-epoll-4.1.67.Final.jar;C:\Users\kemal\.m2\repository\io\netty\netty-transport-native-kqueue\4.1.67.Final\netty-transport-native-kqueue-4.1.67.Final.jar;C:\Users\kemal\.m2\repository\io\netty\netty-transport-native-unix-common\4.1.67.Final\netty-transport-native-unix-common-4.1.67.Final.jar;C:\Users\kemal\.m2\repository\io\netty\netty-transport\4.1.68.Final\netty-transport-4.1.68.Final.jar;C:\Users\kemal\.m2\repository\io\netty\netty-resolver\4.1.68.Final\netty-resolver-4.1.68.Final.jar;C:\Users\kemal\.m2\repository\io\opentelemetry\opentelemetry-api\1.6.0\opentelemetry-api-1.6.0.jar;C:\Users\kemal\.m2\repository\io\opentelemetry\opentelemetry-context\1.6.0\opentelemetry-context-1.6.0.jar;C:\Users\kemal\.m2\repository\io\opentelemetry\opentelemetry-exporter-logging\1.6.0\opentelemetry-exporter-logging-1.6.0.jar;C:\Users\kemal\.m2\repository\io\opentelemetry\opentelemetry-sdk-metrics\1.6.0-alpha\opentelemetry-sdk-metrics-1.6.0-alpha.jar;C:\Users\kemal\.m2\repository\io\opentelemetry\opentelemetry-sdk-common\1.6.0\opentelemetry-sdk-common-1.6.0.jar;C:\Users\kemal\.m2\repository\io\opentelemetry\opentelemetry-sdk-extension-autoconfigure-spi\1.6.0\opentelemetry-sdk-extension-autoconfigure-spi-1.6.0.jar;C:\Users\kemal\.m2\repository\io\opentelemetry\opentelemetry-sdk-extension-autoconfigure\1.6.0-alpha\opentelemetry-sdk-extension-autoconfigure-1.6.0-alpha.jar;C:\Users\kemal\.m2\repository\io\opentelemetry\opentelemetry-sdk-trace\1.6.0\opentelemetry-sdk-trace-1.6.0.jar;C:\Users\kemal\.m2\repository\io\opentelemetry\opentelemetry-api-metrics\1.6.0-alpha\opentelemetry-api-metrics-1.6.0-alpha.jar;C:\Users\kemal\.m2\repository\io\opentelemetry\opentelemetry-sdk\1.6.0\opentelemetry-sdk-1.6.0.jar;C:\Users\kemal\.m2\repository\io\opentelemetry\opentelemetry-semconv\1.6.0-alpha\opentelemetry-semconv-1.6.0-alpha.jar;C:\Users\kemal\.m2\repository\io\ous\jtoml\2.0.0\jtoml-2.0.0.jar;C:\Users\kemal\.m2\repository\org\apache\commons\commons-exec\1.3\commons-exec-1.3.jar;C:\Users\kemal\.m2\repository\org\asynchttpclient\async-http-client\2.12.3\async-http-client-2.12.3.jar;C:\Users\kemal\.m2\repository\org\asynchttpclient\async-http-client-netty-utils\2.12.3\async-http-client-netty-utils-2.12.3.jar;C:\Users\kemal\.m2\repository\io\netty\netty-codec-socks\4.1.60.Final\netty-codec-socks-4.1.60.Final.jar;C:\Users\kemal\.m2\repository\io\netty\netty-handler-proxy\4.1.60.Final\netty-handler-proxy-4.1.60.Final.jar;C:\Users\kemal\.m2\repository\io\netty\netty-transport-native-epoll\4.1.60.Final\netty-transport-native-epoll-4.1.60.Final-linux-x86_64.jar;C:\Users\kemal\.m2\repository\io\netty\netty-transport-native-kqueue\4.1.60.Final\netty-transport-native-kqueue-4.1.60.Final-osx-x86_64.jar;C:\Users\kemal\.m2\repository\org\reactivestreams\reactive-streams\1.0.3\reactive-streams-1.0.3.jar;C:\Users\kemal\.m2\repository\com\typesafe\netty\netty-reactive-streams\2.0.4\netty-reactive-streams-2.0.4.jar;C:\Users\kemal\.m2\repository\org\seleniumhq\selenium\selenium-http\4.0.0\selenium-http-4.0.0.jar;C:\Users\kemal\.m2\repository\org\seleniumhq\selenium\selenium-safari-driver\4.0.0\selenium-safari-driver-4.0.0.jar;C:\Users\kemal\.m2\repository\org\seleniumhq\selenium\selenium-api\4.0.0\selenium-api-4.0.0.jar;C:\Users\kemal\.m2\repository\org\seleniumhq\selenium\selenium-support\4.0.0\selenium-support-4.0.0.jar;C:\Users\kemal\.m2\repository\com\google\auto\service\auto-service-annotations\1.0\auto-service-annotations-1.0.jar;C:\Users\kemal\.m2\repository\com\google\auto\service\auto-service\1.0\auto-service-1.0.jar;C:\Users\kemal\.m2\repository\com\google\auto\auto-common\1.0\auto-common-1.0.jar;C:\Users\kemal\.m2\repository\org\seleniumhq\selenium\selenium-json\4.0.0\selenium-json-4.0.0.jar;C:\Users\kemal\.m2\repository\org\seleniumhq\selenium\selenium-chrome-driver\4.0.0\selenium-chrome-driver-4.0.0.jar;C:\Users\kemal\.m2\repository\org\seleniumhq\selenium\selenium-chromium-driver\4.0.0\selenium-chromium-driver-4.0.0.jar;C:\Users\kemal\.m2\repository\org\seleniumhq\selenium\selenium-firefox-driver\4.0.0\selenium-firefox-driver-4.0.0.jar;C:\Users\kemal\.m2\repository\org\seleniumhq\selenium\selenium-edge-driver\4.0.0\selenium-edge-driver-4.0.0.jar;C:\Users\kemal\.m2\repository\org\seleniumhq\selenium\selenium-ie-driver\4.0.0\selenium-ie-driver-4.0.0.jar;C:\Users\kemal\.m2\repository\org\projectlombok\lombok\1.18.20\lombok-1.18.20.jar;C:\Users\kemal\.m2\repository\io\appium\java-client\8.0.0-beta\java-client-8.0.0-beta.jar;C:\Users\kemal\.m2\repository\commons-validator\commons-validator\1.7\commons-validator-1.7.jar;C:\Users\kemal\.m2\repository\commons-digester\commons-digester\2.1\commons-digester-2.1.jar;C:\Users\kemal\.m2\repository\org\aspectj\aspectjweaver\1.9.7\aspectjweaver-1.9.7.jar;C:\Users\kemal\.m2\repository\org\codehaus\groovy\groovy\3.0.9\groovy-3.0.9.jar;C:\Users\kemal\.m2\repository\net\sf\opencsv\opencsv\2.0\opencsv-2.0.jar;C:\Users\kemal\.m2\repository\commons-beanutils\commons-beanutils\1.9.4\commons-beanutils-1.9.4.jar;C:\Users\kemal\.m2\repository\org\apache\commons\commons-lang3\3.11\commons-lang3-3.11.jar;C:\Users\kemal\.m2\repository\commons-collections\commons-collections\3.2.2\commons-collections-3.2.2.jar;C:\Users\kemal\.m2\repository\org\fluentlenium\fluentlenium-core\0.10.2\fluentlenium-core-0.10.2.jar;C:\Users\kemal\.m2\repository\io\github\bonigarcia\webdrivermanager\5.0.3\webdrivermanager-5.0.3.jar;C:\Users\kemal\.m2\repository\com\github\docker-java\docker-java\3.2.12\docker-java-3.2.12.jar;C:\Users\kemal\.m2\repository\com\github\docker-java\docker-java-core\3.2.12\docker-java-core-3.2.12.jar;C:\Users\kemal\.m2\repository\com\github\docker-java\docker-java-api\3.2.12\docker-java-api-3.2.12.jar;C:\Users\kemal\.m2\repository\org\apache\commons\commons-compress\1.21\commons-compress-1.21.jar;C:\Users\kemal\.m2\repository\commons-lang\commons-lang\2.6\commons-lang-2.6.jar;C:\Users\kemal\.m2\repository\org\bouncycastle\bcpkix-jdk15on\1.64\bcpkix-jdk15on-1.64.jar;C:\Users\kemal\.m2\repository\org\bouncycastle\bcprov-jdk15on\1.64\bcprov-jdk15on-1.64.jar;C:\Users\kemal\.m2\repository\org\slf4j\jcl-over-slf4j\1.7.30\jcl-over-slf4j-1.7.30.jar;C:\Users\kemal\.m2\repository\com\github\docker-java\docker-java-transport-httpclient5\3.2.12\docker-java-transport-httpclient5-3.2.12.jar;C:\Users\kemal\.m2\repository\com\github\docker-java\docker-java-transport\3.2.12\docker-java-transport-3.2.12.jar;C:\Users\kemal\.m2\repository\org\apache\httpcomponents\client5\httpclient5\5.0.3\httpclient5-5.0.3.jar;C:\Users\kemal\.m2\repository\org\apache\httpcomponents\core5\httpcore5\5.0.2\httpcore5-5.0.2.jar;C:\Users\kemal\.m2\repository\net\java\dev\jna\jna\5.8.0\jna-5.8.0.jar;C:\Users\kemal\.m2\repository\org\brotli\dec\0.1.2\dec-0.1.2.jar;C:\Users\kemal\.m2\repository\com\jhlabs\filters\2.0.235\filters-2.0.235.jar;C:\Users\kemal\.m2\repository\com\paulhammant\ngwebdriver\1.1.5\ngwebdriver-1.1.5.jar;C:\Users\kemal\.m2\repository\joda-time\joda-time\2.8.2\joda-time-2.8.2.jar;C:\Users\kemal\.m2\repository\org\hamcrest\hamcrest\2.2\hamcrest-2.2.jar;C:\Users\kemal\.m2\repository\com\google\jimfs\jimfs\1.1\jimfs-1.1.jar;C:\Users\kemal\.m2\repository\org\mockito\mockito-core\3.3.3\mockito-core-3.3.3.jar;C:\Users\kemal\.m2\repository\javax\xml\bind\jaxb-api\2.3.1\jaxb-api-2.3.1.jar;C:\Users\kemal\.m2\repository\javax\activation\javax.activation-api\1.2.0\javax.activation-api-1.2.0.jar;C:\Users\kemal\.m2\repository\com\sun\xml\bind\jaxb-core\2.3.0.1\jaxb-core-2.3.0.1.jar;C:\Users\kemal\.m2\repository\com\sun\xml\bind\jaxb-impl\2.3.3\jaxb-impl-2.3.3.jar;C:\Users\kemal\.m2\repository\jakarta\xml\bind\jakarta.xml.bind-api\2.3.3\jakarta.xml.bind-api-2.3.3.jar;C:\Users\kemal\.m2\repository\com\sun\activation\jakarta.activation\1.2.2\jakarta.activation-1.2.2.jar;C:\Users\kemal\.m2\repository\javax\activation\activation\1.1.1\activation-1.1.1.jar;C:\Users\kemal\.m2\repository\net\serenity-bdd\serenity-cucumber\3.1.5\serenity-cucumber-3.1.5.jar;C:\Users\kemal\.m2\repository\io\cucumber\cucumber-core\6.11.0\cucumber-core-6.11.0.jar;C:\Users\kemal\.m2\repository\io\cucumber\cucumber-gherkin\6.11.0\cucumber-gherkin-6.11.0.jar;C:\Users\kemal\.m2\repository\io\cucumber\cucumber-gherkin-messages\6.11.0\cucumber-gherkin-messages-6.11.0.jar;C:\Users\kemal\.m2\repository\io\cucumber\messages\15.0.0\messages-15.0.0.jar;C:\Users\kemal\.m2\repository\io\cucumber\tag-expressions\3.0.1\tag-expressions-3.0.1.jar;C:\Users\kemal\.m2\repository\io\cucumber\cucumber-expressions\10.3.0\cucumber-expressions-10.3.0.jar;C:\Users\kemal\.m2\repository\io\cucumber\datatable\3.5.0\datatable-3.5.0.jar;C:\Users\kemal\.m2\repository\io\cucumber\cucumber-plugin\6.11.0\cucumber-plugin-6.11.0.jar;C:\Users\kemal\.m2\repository\io\cucumber\docstring\6.11.0\docstring-6.11.0.jar;C:\Users\kemal\.m2\repository\io\cucumber\html-formatter\13.0.0\html-formatter-13.0.0.jar;C:\Users\kemal\.m2\repository\io\cucumber\create-meta\4.0.0\create-meta-4.0.0.jar;C:\Users\kemal\.m2\repository\io\cucumber\cucumber-junit\6.11.0\cucumber-junit-6.11.0.jar;C:\Users\kemal\.m2\repository\org\apache\commons\commons-csv\1.5\commons-csv-1.5.jar;C:\Users\kemal\.m2\repository\net\serenity-bdd\serenity-screenplay\3.1.5\serenity-screenplay-3.1.5.jar;C:\Users\kemal\.m2\repository\net\serenity-bdd\serenity-screenplay-webdriver\3.1.5\serenity-screenplay-webdriver-3.1.5.jar;C:\Users\kemal\.m2\repository\net\serenity-bdd\serenity-ensure\3.1.5\serenity-ensure-3.1.5.jar;C:\Users\kemal\.m2\repository\net\serenity-bdd\serenity-junit\3.1.5\serenity-junit-3.1.5.jar;C:\Users\kemal\.m2\repository\org\jetbrains\kotlin\kotlin-stdlib\1.6.0\kotlin-stdlib-1.6.0.jar;C:\Users\kemal\.m2\repository\org\jetbrains\annotations\13.0\annotations-13.0.jar;C:\Users\kemal\.m2\repository\org\jetbrains\kotlin\kotlin-stdlib-common\1.6.0\kotlin-stdlib-common-1.6.0.jar;C:\Users\kemal\.m2\repository\org\junit\platform\junit-platform-launcher\1.8.1\junit-platform-launcher-1.8.1.jar;C:\Users\kemal\.m2\repository\org\junit\platform\junit-platform-engine\1.8.1\junit-platform-engine-1.8.1.jar;C:\Users\kemal\.m2\repository\org\junit\platform\junit-platform-commons\1.8.1\junit-platform-commons-1.8.1.jar;C:\Users\kemal\.m2\repository\org\apiguardian\apiguardian-api\1.1.2\apiguardian-api-1.1.2.jar;C:\Users\kemal\.m2\repository\org\junit\jupiter\junit-jupiter-engine\5.8.1\junit-jupiter-engine-5.8.1.jar;C:\Users\kemal\.m2\repository\org\junit\jupiter\junit-jupiter-api\5.8.1\junit-jupiter-api-5.8.1.jar;C:\Users\kemal\.m2\repository\org\junit\vintage\junit-vintage-engine\5.8.1\junit-vintage-engine-5.8.1.jar;C:\Users\kemal\.m2\repository\junit\junit\4.13.2\junit-4.13.2.jar;C:\Users\kemal\.m2\repository\org\hamcrest\hamcrest-core\1.3\hamcrest-core-1.3.jar;C:\Users\kemal\.m2\repository\ch\qos\logback\logback-classic\1.0.13\logback-classic-1.0.13.jar;C:\Users\kemal\.m2\repository\ch\qos\logback\logback-core\1.0.13\logback-core-1.0.13.jar;C:\Users\kemal\.m2\repository\org\slf4j\slf4j-api\1.7.5\slf4j-api-1.7.5.jar;C:\Users\kemal\.m2\repository\org\assertj\assertj-core\3.6.2\assertj-core-3.6.2.jar;C:\Users\kemal\.m2\repository\org\slf4j\slf4j-simple\1.7.32\slf4j-simple-1.7.32.jar;"/>
    <property name="sun.cpu.endian" value="little"/>
    <property name="user.home" value="C:\Users\kemal"/>
    <property name="user.language" value="tr"/>
    <property name="java.specification.vendor" value="Oracle Corporation"/>
    <property name="jdk.module.path" value="C:\Users\kemal\OneDrive\Belgeler\GitHub\writing-steps-to-console-kemalkagankural\target\E2ETAutomationPractice-1.0-SNAPSHOT.jar"/>
    <property name="java.version.date" value="2021-10-19"/>
    <property name="java.home" value="C:\Program Files\Amazon Corretto\jdk11.0.13_8"/>
    <property name="file.separator" value="\"/>
    <property name="basedir" value="C:\Users\kemal\OneDrive\Belgeler\GitHub\writing-steps-to-console-kemalkagankural"/>
    <property name="java.vm.compressedOopsMode" value="Zero based"/>
    <property name="line.separator" value="&#10;"/>
    <property name="java.specification.name" value="Java Platform API Specification"/>
    <property name="java.vm.specification.vendor" value="Oracle Corporation"/>
    <property name="java.awt.graphicsenv" value="sun.awt.Win32GraphicsEnvironment"/>
    <property name="surefire.real.class.path" value="C:\Users\kemal\.m2\repository\org\apache\maven\surefire\surefire-booter\3.0.0-M5\surefire-booter-3.0.0-M5.jar;C:\Users\kemal\.m2\repository\org\apache\maven\surefire\surefire-api\3.0.0-M5\surefire-api-3.0.0-M5.jar;C:\Users\kemal\.m2\repository\org\apache\maven\surefire\surefire-logger-api\3.0.0-M5\surefire-logger-api-3.0.0-M5.jar;C:\Users\kemal\.m2\repository\org\apache\maven\surefire\surefire-shared-utils\3.0.0-M4\surefire-shared-utils-3.0.0-M4.jar;C:\Users\kemal\.m2\repository\org\apache\maven\surefire\surefire-extensions-spi\3.0.0-M5\surefire-extensions-spi-3.0.0-M5.jar;C:\Users\kemal\OneDrive\Belgeler\GitHub\writing-steps-to-console-kemalkagankural\target\test-classes;C:\Users\kemal\.m2\repository\net\serenity-bdd\serenity-screenplay-rest\3.1.5\serenity-screenplay-rest-3.1.5.jar;C:\Users\kemal\.m2\repository\net\serenity-bdd\serenity-rest-assured\3.1.5\serenity-rest-assured-3.1.5.jar;C:\Users\kemal\.m2\repository\org\apache\httpcomponents\httpclient\4.5.13\httpclient-4.5.13.jar;C:\Users\kemal\.m2\repository\org\apache\httpcomponents\httpcore\4.4.13\httpcore-4.4.13.jar;C:\Users\kemal\.m2\repository\commons-logging\commons-logging\1.2\commons-logging-1.2.jar;C:\Users\kemal\.m2\repository\io\rest-assured\rest-assured\4.4.0\rest-assured-4.4.0.jar;C:\Users\kemal\.m2\repository\org\apache\httpcomponents\httpmime\4.5.13\httpmime-4.5.13.jar;C:\Users\kemal\.m2\repository\org\ccil\cowan\tagsoup\tagsoup\1.2.1\tagsoup-1.2.1.jar;C:\Users\kemal\.m2\repository\io\rest-assured\json-path\4.4.0\json-path-4.4.0.jar;C:\Users\kemal\.m2\repository\io\rest-assured\rest-assured-common\4.4.0\rest-assured-common-4.4.0.jar;C:\Users\kemal\.m2\repository\io\rest-assured\xml-path\4.4.0\xml-path-4.4.0.jar;C:\Users\kemal\.m2\repository\org\codehaus\groovy\groovy-json\3.0.9\groovy-json-3.0.9.jar;C:\Users\kemal\.m2\repository\org\codehaus\groovy\groovy-xml\3.0.9\groovy-xml-3.0.9.jar;C:\Users\kemal\.m2\repository\org\opentest4j\opentest4j\1.2.0\opentest4j-1.2.0.jar;C:\Users\kemal\.m2\repository\net\serenity-bdd\serenity-core\3.1.5\serenity-core-3.1.5.jar;C:\Users\kemal\.m2\repository\net\serenity-bdd\serenity-model\3.1.5\serenity-model-3.1.5.jar;C:\Users\kemal\.m2\repository\org\apache\commons\commons-text\1.9\commons-text-1.9.jar;C:\Users\kemal\.m2\repository\commons-net\commons-net\3.6\commons-net-3.6.jar;C:\Users\kemal\.m2\repository\com\google\guava\guava\31.0.1-jre\guava-31.0.1-jre.jar;C:\Users\kemal\.m2\repository\com\google\guava\failureaccess\1.0.1\failureaccess-1.0.1.jar;C:\Users\kemal\.m2\repository\com\google\guava\listenablefuture\9999.0-empty-to-avoid-conflict-with-guava\listenablefuture-9999.0-empty-to-avoid-conflict-with-guava.jar;C:\Users\kemal\.m2\repository\com\google\code\findbugs\jsr305\3.0.2\jsr305-3.0.2.jar;C:\Users\kemal\.m2\repository\org\checkerframework\checker-qual\3.12.0\checker-qual-3.12.0.jar;C:\Users\kemal\.m2\repository\com\google\errorprone\error_prone_annotations\2.7.1\error_prone_annotations-2.7.1.jar;C:\Users\kemal\.m2\repository\com\google\j2objc\j2objc-annotations\1.3\j2objc-annotations-1.3.jar;C:\Users\kemal\.m2\repository\com\google\inject\guice\5.0.1\guice-5.0.1.jar;C:\Users\kemal\.m2\repository\javax\inject\javax.inject\1\javax.inject-1.jar;C:\Users\kemal\.m2\repository\aopalliance\aopalliance\1.0\aopalliance-1.0.jar;C:\Users\kemal\.m2\repository\org\jsoup\jsoup\1.14.3\jsoup-1.14.3.jar;C:\Users\kemal\.m2\repository\com\thoughtworks\xstream\xstream\1.4.18\xstream-1.4.18.jar;C:\Users\kemal\.m2\repository\io\github\x-stream\mxparser\1.2.2\mxparser-1.2.2.jar;C:\Users\kemal\.m2\repository\xmlpull\xmlpull\1.1.3.1\xmlpull-1.1.3.1.jar;C:\Users\kemal\.m2\repository\io\cucumber\cucumber-java\6.11.0\cucumber-java-6.11.0.jar;C:\Users\kemal\.m2\repository\com\typesafe\config\1.3.1\config-1.3.1.jar;C:\Users\kemal\.m2\repository\org\imgscalr\imgscalr-lib\4.2\imgscalr-lib-4.2.jar;C:\Users\kemal\.m2\repository\org\awaitility\awaitility\4.1.0\awaitility-4.1.0.jar;C:\Users\kemal\.m2\repository\org\freemarker\freemarker\2.3.31\freemarker-2.3.31.jar;C:\Users\kemal\.m2\repository\org\reflections\reflections\0.10.2\reflections-0.10.2.jar;C:\Users\kemal\.m2\repository\org\javassist\javassist\3.28.0-GA\javassist-3.28.0-GA.jar;C:\Users\kemal\.m2\repository\net\sourceforge\jexcelapi\jxl\2.6.12\jxl-2.6.12.jar;C:\Users\kemal\.m2\repository\net\bytebuddy\byte-buddy\1.11.22\byte-buddy-1.11.22.jar;C:\Users\kemal\.m2\repository\net\bytebuddy\byte-buddy-agent\1.11.22\byte-buddy-agent-1.11.22.jar;C:\Users\kemal\.m2\repository\org\objenesis\objenesis\3.1\objenesis-3.1.jar;C:\Users\kemal\.m2\repository\net\serenity-bdd\serenity-reports\3.1.5\serenity-reports-3.1.5.jar;C:\Users\kemal\.m2\repository\net\serenity-bdd\serenity-stats\3.1.5\serenity-stats-3.1.5.jar;C:\Users\kemal\.m2\repository\net\serenity-bdd\serenity-reports-configuration\3.1.5\serenity-reports-configuration-3.1.5.jar;C:\Users\kemal\.m2\repository\com\vladsch\flexmark\flexmark-all\0.34.30\flexmark-all-0.34.30.jar;C:\Users\kemal\.m2\repository\com\vladsch\flexmark\flexmark\0.34.30\flexmark-0.34.30.jar;C:\Users\kemal\.m2\repository\com\vladsch\flexmark\flexmark-ext-abbreviation\0.34.30\flexmark-ext-abbreviation-0.34.30.jar;C:\Users\kemal\.m2\repository\com\vladsch\flexmark\flexmark-ext-admonition\0.34.30\flexmark-ext-admonition-0.34.30.jar;C:\Users\kemal\.m2\repository\com\vladsch\flexmark\flexmark-ext-anchorlink\0.34.30\flexmark-ext-anchorlink-0.34.30.jar;C:\Users\kemal\.m2\repository\com\vladsch\flexmark\flexmark-ext-aside\0.34.30\flexmark-ext-aside-0.34.30.jar;C:\Users\kemal\.m2\repository\com\vladsch\flexmark\flexmark-ext-attributes\0.34.30\flexmark-ext-attributes-0.34.30.jar;C:\Users\kemal\.m2\repository\com\vladsch\flexmark\flexmark-ext-autolink\0.34.30\flexmark-ext-autolink-0.34.30.jar;C:\Users\kemal\.m2\repository\org\nibor\autolink\autolink\0.6.0\autolink-0.6.0.jar;C:\Users\kemal\.m2\repository\com\vladsch\flexmark\flexmark-ext-definition\0.34.30\flexmark-ext-definition-0.34.30.jar;C:\Users\kemal\.m2\repository\com\vladsch\flexmark\flexmark-ext-emoji\0.34.30\flexmark-ext-emoji-0.34.30.jar;C:\Users\kemal\.m2\repository\com\vladsch\flexmark\flexmark-ext-enumerated-reference\0.34.30\flexmark-ext-enumerated-reference-0.34.30.jar;C:\Users\kemal\.m2\repository\com\vladsch\flexmark\flexmark-ext-escaped-character\0.34.30\flexmark-ext-escaped-character-0.34.30.jar;C:\Users\kemal\.m2\repository\com\vladsch\flexmark\flexmark-ext-footnotes\0.34.30\flexmark-ext-footnotes-0.34.30.jar;C:\Users\kemal\.m2\repository\com\vladsch\flexmark\flexmark-ext-gfm-issues\0.34.30\flexmark-ext-gfm-issues-0.34.30.jar;C:\Users\kemal\.m2\repository\com\vladsch\flexmark\flexmark-ext-gfm-strikethrough\0.34.30\flexmark-ext-gfm-strikethrough-0.34.30.jar;C:\Users\kemal\.m2\repository\com\vladsch\flexmark\flexmark-ext-gfm-tables\0.34.30\flexmark-ext-gfm-tables-0.34.30.jar;C:\Users\kemal\.m2\repository\com\vladsch\flexmark\flexmark-ext-gfm-tasklist\0.34.30\flexmark-ext-gfm-tasklist-0.34.30.jar;C:\Users\kemal\.m2\repository\com\vladsch\flexmark\flexmark-ext-gfm-users\0.34.30\flexmark-ext-gfm-users-0.34.30.jar;C:\Users\kemal\.m2\repository\com\vladsch\flexmark\flexmark-ext-gitlab\0.34.30\flexmark-ext-gitlab-0.34.30.jar;C:\Users\kemal\.m2\repository\com\vladsch\flexmark\flexmark-ext-jekyll-front-matter\0.34.30\flexmark-ext-jekyll-front-matter-0.34.30.jar;C:\Users\kemal\.m2\repository\com\vladsch\flexmark\flexmark-ext-jekyll-tag\0.34.30\flexmark-ext-jekyll-tag-0.34.30.jar;C:\Users\kemal\.m2\repository\com\vladsch\flexmark\flexmark-ext-media-tags\0.34.30\flexmark-ext-media-tags-0.34.30.jar;C:\Users\kemal\.m2\repository\com\vladsch\flexmark\flexmark-test-util\0.34.30\flexmark-test-util-0.34.30.jar;C:\Users\kemal\.m2\repository\com\vladsch\flexmark\flexmark-ext-ins\0.34.30\flexmark-ext-ins-0.34.30.jar;C:\Users\kemal\.m2\repository\com\vladsch\flexmark\flexmark-ext-xwiki-macros\0.34.30\flexmark-ext-xwiki-macros-0.34.30.jar;C:\Users\kemal\.m2\repository\com\vladsch\flexmark\flexmark-ext-superscript\0.34.30\flexmark-ext-superscript-0.34.30.jar;C:\Users\kemal\.m2\repository\com\vladsch\flexmark\flexmark-ext-tables\0.34.30\flexmark-ext-tables-0.34.30.jar;C:\Users\kemal\.m2\repository\com\vladsch\flexmark\flexmark-ext-toc\0.34.30\flexmark-ext-toc-0.34.30.jar;C:\Users\kemal\.m2\repository\com\vladsch\flexmark\flexmark-ext-typographic\0.34.30\flexmark-ext-typographic-0.34.30.jar;C:\Users\kemal\.m2\repository\com\vladsch\flexmark\flexmark-ext-wikilink\0.34.30\flexmark-ext-wikilink-0.34.30.jar;C:\Users\kemal\.m2\repository\com\vladsch\flexmark\flexmark-ext-yaml-front-matter\0.34.30\flexmark-ext-yaml-front-matter-0.34.30.jar;C:\Users\kemal\.m2\repository\com\vladsch\flexmark\flexmark-ext-youtube-embedded\0.34.30\flexmark-ext-youtube-embedded-0.34.30.jar;C:\Users\kemal\.m2\repository\com\vladsch\flexmark\flexmark-formatter\0.34.30\flexmark-formatter-0.34.30.jar;C:\Users\kemal\.m2\repository\com\vladsch\flexmark\flexmark-html-parser\0.34.30\flexmark-html-parser-0.34.30.jar;C:\Users\kemal\.m2\repository\com\vladsch\flexmark\flexmark-jira-converter\0.34.30\flexmark-jira-converter-0.34.30.jar;C:\Users\kemal\.m2\repository\com\vladsch\flexmark\flexmark-pdf-converter\0.34.30\flexmark-pdf-converter-0.34.30.jar;C:\Users\kemal\.m2\repository\com\openhtmltopdf\openhtmltopdf-core\0.0.1-RC13\openhtmltopdf-core-0.0.1-RC13.jar;C:\Users\kemal\.m2\repository\com\openhtmltopdf\openhtmltopdf-pdfbox\0.0.1-RC13\openhtmltopdf-pdfbox-0.0.1-RC13.jar;C:\Users\kemal\.m2\repository\org\apache\pdfbox\pdfbox\2.0.8\pdfbox-2.0.8.jar;C:\Users\kemal\.m2\repository\org\apache\pdfbox\fontbox\2.0.8\fontbox-2.0.8.jar;C:\Users\kemal\.m2\repository\org\apache\pdfbox\xmpbox\2.0.8\xmpbox-2.0.8.jar;C:\Users\kemal\.m2\repository\de\rototor\pdfbox\graphics2d\0.12\graphics2d-0.12.jar;C:\Users\kemal\.m2\repository\com\openhtmltopdf\openhtmltopdf-rtl-support\0.0.1-RC13\openhtmltopdf-rtl-support-0.0.1-RC13.jar;C:\Users\kemal\.m2\repository\com\ibm\icu\icu4j\59.1\icu4j-59.1.jar;C:\Users\kemal\.m2\repository\com\openhtmltopdf\openhtmltopdf-jsoup-dom-converter\0.0.1-RC13\openhtmltopdf-jsoup-dom-converter-0.0.1-RC13.jar;C:\Users\kemal\.m2\repository\com\vladsch\flexmark\flexmark-profile-pegdown\0.34.30\flexmark-profile-pegdown-0.34.30.jar;C:\Users\kemal\.m2\repository\com\vladsch\flexmark\flexmark-util\0.34.30\flexmark-util-0.34.30.jar;C:\Users\kemal\.m2\repository\com\vladsch\flexmark\flexmark-youtrack-converter\0.34.30\flexmark-youtrack-converter-0.34.30.jar;C:\Users\kemal\.m2\repository\es\nitaur\markdown\txtmark\0.16\txtmark-0.16.jar;C:\Users\kemal\.m2\repository\net\serenity-bdd\serenity-report-resources\3.1.5\serenity-report-resources-3.1.5.jar;C:\Users\kemal\.m2\repository\com\google\code\gson\gson\2.8.8\gson-2.8.8.jar;C:\Users\kemal\.m2\repository\com\fasterxml\jackson\core\jackson-core\2.12.4\jackson-core-2.12.4.jar;C:\Users\kemal\.m2\repository\com\fasterxml\jackson\core\jackson-databind\2.12.4\jackson-databind-2.12.4.jar;C:\Users\kemal\.m2\repository\com\fasterxml\jackson\core\jackson-annotations\2.12.4\jackson-annotations-2.12.4.jar;C:\Users\kemal\.m2\repository\commons-codec\commons-codec\1.15\commons-codec-1.15.jar;C:\Users\kemal\.m2\repository\commons-io\commons-io\2.8.0\commons-io-2.8.0.jar;C:\Users\kemal\.m2\repository\org\seleniumhq\selenium\selenium-java\4.0.0\selenium-java-4.0.0.jar;C:\Users\kemal\.m2\repository\org\seleniumhq\selenium\selenium-devtools-v85\4.0.0\selenium-devtools-v85-4.0.0.jar;C:\Users\kemal\.m2\repository\org\seleniumhq\selenium\selenium-devtools-v93\4.0.0\selenium-devtools-v93-4.0.0.jar;C:\Users\kemal\.m2\repository\org\seleniumhq\selenium\selenium-devtools-v94\4.0.0\selenium-devtools-v94-4.0.0.jar;C:\Users\kemal\.m2\repository\org\seleniumhq\selenium\selenium-devtools-v95\4.0.0\selenium-devtools-v95-4.0.0.jar;C:\Users\kemal\.m2\repository\org\seleniumhq\selenium\selenium-firefox-xpi-driver\4.0.0\selenium-firefox-xpi-driver-4.0.0.jar;C:\Users\kemal\.m2\repository\org\seleniumhq\selenium\selenium-opera-driver\4.0.0\selenium-opera-driver-4.0.0.jar;C:\Users\kemal\.m2\repository\org\seleniumhq\selenium\selenium-remote-driver\4.0.0\selenium-remote-driver-4.0.0.jar;C:\Users\kemal\.m2\repository\com\beust\jcommander\1.81\jcommander-1.81.jar;C:\Users\kemal\.m2\repository\io\netty\netty-buffer\4.1.68.Final\netty-buffer-4.1.68.Final.jar;C:\Users\kemal\.m2\repository\io\netty\netty-codec-http\4.1.67.Final\netty-codec-http-4.1.67.Final.jar;C:\Users\kemal\.m2\repository\io\netty\netty-codec\4.1.67.Final\netty-codec-4.1.67.Final.jar;C:\Users\kemal\.m2\repository\io\netty\netty-handler\4.1.67.Final\netty-handler-4.1.67.Final.jar;C:\Users\kemal\.m2\repository\io\netty\netty-common\4.1.68.Final\netty-common-4.1.68.Final.jar;C:\Users\kemal\.m2\repository\io\netty\netty-transport-native-epoll\4.1.67.Final\netty-transport-native-epoll-4.1.67.Final.jar;C:\Users\kemal\.m2\repository\io\netty\netty-transport-native-kqueue\4.1.67.Final\netty-transport-native-kqueue-4.1.67.Final.jar;C:\Users\kemal\.m2\repository\io\netty\netty-transport-native-unix-common\4.1.67.Final\netty-transport-native-unix-common-4.1.67.Final.jar;C:\Users\kemal\.m2\repository\io\netty\netty-transport\4.1.68.Final\netty-transport-4.1.68.Final.jar;C:\Users\kemal\.m2\repository\io\netty\netty-resolver\4.1.68.Final\netty-resolver-4.1.68.Final.jar;C:\Users\kemal\.m2\repository\io\opentelemetry\opentelemetry-api\1.6.0\opentelemetry-api-1.6.0.jar;C:\Users\kemal\.m2\repository\io\opentelemetry\opentelemetry-context\1.6.0\opentelemetry-context-1.6.0.jar;C:\Users\kemal\.m2\repository\io\opentelemetry\opentelemetry-exporter-logging\1.6.0\opentelemetry-exporter-logging-1.6.0.jar;C:\Users\kemal\.m2\repository\io\opentelemetry\opentelemetry-sdk-metrics\1.6.0-alpha\opentelemetry-sdk-metrics-1.6.0-alpha.jar;C:\Users\kemal\.m2\repository\io\opentelemetry\opentelemetry-sdk-common\1.6.0\opentelemetry-sdk-common-1.6.0.jar;C:\Users\kemal\.m2\repository\io\opentelemetry\opentelemetry-sdk-extension-autoconfigure-spi\1.6.0\opentelemetry-sdk-extension-autoconfigure-spi-1.6.0.jar;C:\Users\kemal\.m2\repository\io\opentelemetry\opentelemetry-sdk-extension-autoconfigure\1.6.0-alpha\opentelemetry-sdk-extension-autoconfigure-1.6.0-alpha.jar;C:\Users\kemal\.m2\repository\io\opentelemetry\opentelemetry-sdk-trace\1.6.0\opentelemetry-sdk-trace-1.6.0.jar;C:\Users\kemal\.m2\repository\io\opentelemetry\opentelemetry-api-metrics\1.6.0-alpha\opentelemetry-api-metrics-1.6.0-alpha.jar;C:\Users\kemal\.m2\repository\io\opentelemetry\opentelemetry-sdk\1.6.0\opentelemetry-sdk-1.6.0.jar;C:\Users\kemal\.m2\repository\io\opentelemetry\opentelemetry-semconv\1.6.0-alpha\opentelemetry-semconv-1.6.0-alpha.jar;C:\Users\kemal\.m2\repository\io\ous\jtoml\2.0.0\jtoml-2.0.0.jar;C:\Users\kemal\.m2\repository\org\apache\commons\commons-exec\1.3\commons-exec-1.3.jar;C:\Users\kemal\.m2\repository\org\asynchttpclient\async-http-client\2.12.3\async-http-client-2.12.3.jar;C:\Users\kemal\.m2\repository\org\asynchttpclient\async-http-client-netty-utils\2.12.3\async-http-client-netty-utils-2.12.3.jar;C:\Users\kemal\.m2\repository\io\netty\netty-codec-socks\4.1.60.Final\netty-codec-socks-4.1.60.Final.jar;C:\Users\kemal\.m2\repository\io\netty\netty-handler-proxy\4.1.60.Final\netty-handler-proxy-4.1.60.Final.jar;C:\Users\kemal\.m2\repository\io\netty\netty-transport-native-epoll\4.1.60.Final\netty-transport-native-epoll-4.1.60.Final-linux-x86_64.jar;C:\Users\kemal\.m2\repository\io\netty\netty-transport-native-kqueue\4.1.60.Final\netty-transport-native-kqueue-4.1.60.Final-osx-x86_64.jar;C:\Users\kemal\.m2\repository\org\reactivestreams\reactive-streams\1.0.3\reactive-streams-1.0.3.jar;C:\Users\kemal\.m2\repository\com\typesafe\netty\netty-reactive-streams\2.0.4\netty-reactive-streams-2.0.4.jar;C:\Users\kemal\.m2\repository\org\seleniumhq\selenium\selenium-http\4.0.0\selenium-http-4.0.0.jar;C:\Users\kemal\.m2\repository\org\seleniumhq\selenium\selenium-safari-driver\4.0.0\selenium-safari-driver-4.0.0.jar;C:\Users\kemal\.m2\repository\org\seleniumhq\selenium\selenium-api\4.0.0\selenium-api-4.0.0.jar;C:\Users\kemal\.m2\repository\org\seleniumhq\selenium\selenium-support\4.0.0\selenium-support-4.0.0.jar;C:\Users\kemal\.m2\repository\com\google\auto\service\auto-service-annotations\1.0\auto-service-annotations-1.0.jar;C:\Users\kemal\.m2\repository\com\google\auto\service\auto-service\1.0\auto-service-1.0.jar;C:\Users\kemal\.m2\repository\com\google\auto\auto-common\1.0\auto-common-1.0.jar;C:\Users\kemal\.m2\repository\org\seleniumhq\selenium\selenium-json\4.0.0\selenium-json-4.0.0.jar;C:\Users\kemal\.m2\repository\org\seleniumhq\selenium\selenium-chrome-driver\4.0.0\selenium-chrome-driver-4.0.0.jar;C:\Users\kemal\.m2\repository\org\seleniumhq\selenium\selenium-chromium-driver\4.0.0\selenium-chromium-driver-4.0.0.jar;C:\Users\kemal\.m2\repository\org\seleniumhq\selenium\selenium-firefox-driver\4.0.0\selenium-firefox-driver-4.0.0.jar;C:\Users\kemal\.m2\repository\org\seleniumhq\selenium\selenium-edge-driver\4.0.0\selenium-edge-driver-4.0.0.jar;C:\Users\kemal\.m2\repository\org\seleniumhq\selenium\selenium-ie-driver\4.0.0\selenium-ie-driver-4.0.0.jar;C:\Users\kemal\.m2\repository\org\projectlombok\lombok\1.18.20\lombok-1.18.20.jar;C:\Users\kemal\.m2\repository\io\appium\java-client\8.0.0-beta\java-client-8.0.0-beta.jar;C:\Users\kemal\.m2\repository\commons-validator\commons-validator\1.7\commons-validator-1.7.jar;C:\Users\kemal\.m2\repository\commons-digester\commons-digester\2.1\commons-digester-2.1.jar;C:\Users\kemal\.m2\repository\org\aspectj\aspectjweaver\1.9.7\aspectjweaver-1.9.7.jar;C:\Users\kemal\.m2\repository\org\codehaus\groovy\groovy\3.0.9\groovy-3.0.9.jar;C:\Users\kemal\.m2\repository\net\sf\opencsv\opencsv\2.0\opencsv-2.0.jar;C:\Users\kemal\.m2\repository\commons-beanutils\commons-beanutils\1.9.4\commons-beanutils-1.9.4.jar;C:\Users\kemal\.m2\repository\org\apache\commons\commons-lang3\3.11\commons-lang3-3.11.jar;C:\Users\kemal\.m2\repository\commons-collections\commons-collections\3.2.2\commons-collections-3.2.2.jar;C:\Users\kemal\.m2\repository\org\fluentlenium\fluentlenium-core\0.10.2\fluentlenium-core-0.10.2.jar;C:\Users\kemal\.m2\repository\io\github\bonigarcia\webdrivermanager\5.0.3\webdrivermanager-5.0.3.jar;C:\Users\kemal\.m2\repository\com\github\docker-java\docker-java\3.2.12\docker-java-3.2.12.jar;C:\Users\kemal\.m2\repository\com\github\docker-java\docker-java-core\3.2.12\docker-java-core-3.2.12.jar;C:\Users\kemal\.m2\repository\com\github\docker-java\docker-java-api\3.2.12\docker-java-api-3.2.12.jar;C:\Users\kemal\.m2\repository\org\apache\commons\commons-compress\1.21\commons-compress-1.21.jar;C:\Users\kemal\.m2\repository\commons-lang\commons-lang\2.6\commons-lang-2.6.jar;C:\Users\kemal\.m2\repository\org\bouncycastle\bcpkix-jdk15on\1.64\bcpkix-jdk15on-1.64.jar;C:\Users\kemal\.m2\repository\org\bouncycastle\bcprov-jdk15on\1.64\bcprov-jdk15on-1.64.jar;C:\Users\kemal\.m2\repository\org\slf4j\jcl-over-slf4j\1.7.30\jcl-over-slf4j-1.7.30.jar;C:\Users\kemal\.m2\repository\com\github\docker-java\docker-java-transport-httpclient5\3.2.12\docker-java-transport-httpclient5-3.2.12.jar;C:\Users\kemal\.m2\repository\com\github\docker-java\docker-java-transport\3.2.12\docker-java-transport-3.2.12.jar;C:\Users\kemal\.m2\repository\org\apache\httpcomponents\client5\httpclient5\5.0.3\httpclient5-5.0.3.jar;C:\Users\kemal\.m2\repository\org\apache\httpcomponents\core5\httpcore5\5.0.2\httpcore5-5.0.2.jar;C:\Users\kemal\.m2\repository\net\java\dev\jna\jna\5.8.0\jna-5.8.0.jar;C:\Users\kemal\.m2\repository\org\brotli\dec\0.1.2\dec-0.1.2.jar;C:\Users\kemal\.m2\repository\com\jhlabs\filters\2.0.235\filters-2.0.235.jar;C:\Users\kemal\.m2\repository\com\paulhammant\ngwebdriver\1.1.5\ngwebdriver-1.1.5.jar;C:\Users\kemal\.m2\repository\joda-time\joda-time\2.8.2\joda-time-2.8.2.jar;C:\Users\kemal\.m2\repository\org\hamcrest\hamcrest\2.2\hamcrest-2.2.jar;C:\Users\kemal\.m2\repository\com\google\jimfs\jimfs\1.1\jimfs-1.1.jar;C:\Users\kemal\.m2\repository\org\mockito\mockito-core\3.3.3\mockito-core-3.3.3.jar;C:\Users\kemal\.m2\repository\javax\xml\bind\jaxb-api\2.3.1\jaxb-api-2.3.1.jar;C:\Users\kemal\.m2\repository\javax\activation\javax.activation-api\1.2.0\javax.activation-api-1.2.0.jar;C:\Users\kemal\.m2\repository\com\sun\xml\bind\jaxb-core\2.3.0.1\jaxb-core-2.3.0.1.jar;C:\Users\kemal\.m2\repository\com\sun\xml\bind\jaxb-impl\2.3.3\jaxb-impl-2.3.3.jar;C:\Users\kemal\.m2\repository\jakarta\xml\bind\jakarta.xml.bind-api\2.3.3\jakarta.xml.bind-api-2.3.3.jar;C:\Users\kemal\.m2\repository\com\sun\activation\jakarta.activation\1.2.2\jakarta.activation-1.2.2.jar;C:\Users\kemal\.m2\repository\javax\activation\activation\1.1.1\activation-1.1.1.jar;C:\Users\kemal\.m2\repository\net\serenity-bdd\serenity-cucumber\3.1.5\serenity-cucumber-3.1.5.jar;C:\Users\kemal\.m2\repository\io\cucumber\cucumber-core\6.11.0\cucumber-core-6.11.0.jar;C:\Users\kemal\.m2\repository\io\cucumber\cucumber-gherkin\6.11.0\cucumber-gherkin-6.11.0.jar;C:\Users\kemal\.m2\repository\io\cucumber\cucumber-gherkin-messages\6.11.0\cucumber-gherkin-messages-6.11.0.jar;C:\Users\kemal\.m2\repository\io\cucumber\messages\15.0.0\messages-15.0.0.jar;C:\Users\kemal\.m2\repository\io\cucumber\tag-expressions\3.0.1\tag-expressions-3.0.1.jar;C:\Users\kemal\.m2\repository\io\cucumber\cucumber-expressions\10.3.0\cucumber-expressions-10.3.0.jar;C:\Users\kemal\.m2\repository\io\cucumber\datatable\3.5.0\datatable-3.5.0.jar;C:\Users\kemal\.m2\repository\io\cucumber\cucumber-plugin\6.11.0\cucumber-plugin-6.11.0.jar;C:\Users\kemal\.m2\repository\io\cucumber\docstring\6.11.0\docstring-6.11.0.jar;C:\Users\kemal\.m2\repository\io\cucumber\html-formatter\13.0.0\html-formatter-13.0.0.jar;C:\Users\kemal\.m2\repository\io\cucumber\create-meta\4.0.0\create-meta-4.0.0.jar;C:\Users\kemal\.m2\repository\io\cucumber\cucumber-junit\6.11.0\cucumber-junit-6.11.0.jar;C:\Users\kemal\.m2\repository\org\apache\commons\commons-csv\1.5\commons-csv-1.5.jar;C:\Users\kemal\.m2\repository\net\serenity-bdd\serenity-screenplay\3.1.5\serenity-screenplay-3.1.5.jar;C:\Users\kemal\.m2\repository\net\serenity-bdd\serenity-screenplay-webdriver\3.1.5\serenity-screenplay-webdriver-3.1.5.jar;C:\Users\kemal\.m2\repository\net\serenity-bdd\serenity-ensure\3.1.5\serenity-ensure-3.1.5.jar;C:\Users\kemal\.m2\repository\net\serenity-bdd\serenity-junit\3.1.5\serenity-junit-3.1.5.jar;C:\Users\kemal\.m2\repository\org\jetbrains\kotlin\kotlin-stdlib\1.6.0\kotlin-stdlib-1.6.0.jar;C:\Users\kemal\.m2\repository\org\jetbrains\annotations\13.0\annotations-13.0.jar;C:\Users\kemal\.m2\repository\org\jetbrains\kotlin\kotlin-stdlib-common\1.6.0\kotlin-stdlib-common-1.6.0.jar;C:\Users\kemal\.m2\repository\org\junit\platform\junit-platform-launcher\1.8.1\junit-platform-launcher-1.8.1.jar;C:\Users\kemal\.m2\repository\org\junit\platform\junit-platform-engine\1.8.1\junit-platform-engine-1.8.1.jar;C:\Users\kemal\.m2\repository\org\junit\platform\junit-platform-commons\1.8.1\junit-platform-commons-1.8.1.jar;C:\Users\kemal\.m2\repository\org\apiguardian\apiguardian-api\1.1.2\apiguardian-api-1.1.2.jar;C:\Users\kemal\.m2\repository\org\junit\jupiter\junit-jupiter-engine\5.8.1\junit-jupiter-engine-5.8.1.jar;C:\Users\kemal\.m2\repository\org\junit\jupiter\junit-jupiter-api\5.8.1\junit-jupiter-api-5.8.1.jar;C:\Users\kemal\.m2\repository\org\junit\vintage\junit-vintage-engine\5.8.1\junit-vintage-engine-5.8.1.jar;C:\Users\kemal\.m2\repository\junit\junit\4.13.2\junit-4.13.2.jar;C:\Users\kemal\.m2\repository\org\hamcrest\hamcrest-core\1.3\hamcrest-core-1.3.jar;C:\Users\kemal\.m2\repository\ch\qos\logback\logback-classic\1.0.13\logback-classic-1.0.13.jar;C:\Users\kemal\.m2\repository\ch\qos\logback\logback-core\1.0.13\logback-core-1.0.13.jar;C:\Users\kemal\.m2\repository\org\slf4j\slf4j-api\1.7.5\slf4j-api-1.7.5.jar;C:\Users\kemal\.m2\repository\org\assertj\assertj-core\3.6.2\assertj-core-3.6.2.jar;C:\Users\kemal\.m2\repository\org\slf4j\slf4j-simple\1.7.32\slf4j-simple-1.7.32.jar;C:\Users\kemal\.m2\repository\org\apache\maven\surefire\surefire-junit-platform\3.0.0-M5\surefire-junit-platform-3.0.0-M5.jar;C:\Users\kemal\.m2\repository\org\apache\maven\surefire\common-java5\3.0.0-M5\common-java5-3.0.0-M5.jar"/>
    <property name="user.script" value=""/>
    <property name="java.protocol.handler.pkgs" value="com.google.common"/>
    <property name="sun.management.compiler" value="HotSpot 64-Bit Tiered Compilers"/>
    <property name="java.runtime.version" value="11.0.13+8-LTS"/>
    <property name="user.name" value="kemal"/>
    <property name="path.separator" value=";"/>
    <property name="os.version" value="10.0"/>
    <property name="java.runtime.name" value="OpenJDK Runtime Environment"/>
    <property name="file.encoding" value="Cp1254"/>
    <property name="webdriver.base.url" value=""/>
    <property name="sun.nio.ch.bugLevel" value=""/>
    <property name="java.vm.name" value="OpenJDK 64-Bit Server VM"/>
    <property name="java.vendor.version" value="Corretto-11.0.13.8.1"/>
    <property name="localRepository" value="C:\Users\kemal\.m2\repository"/>
    <property name="java.vendor.url.bug" value="https://github.com/corretto/corretto-11/issues/"/>
    <property name="java.io.tmpdir" value="C:\Users\kemal\AppData\Local\Temp\"/>
    <property name="idea.version" value="2021.3"/>
    <property name="java.version" value="11.0.13"/>
    <property name="user.dir" value="C:\Users\kemal\OneDrive\Belgeler\GitHub\writing-steps-to-console-kemalkagankural"/>
    <property name="os.arch" value="amd64"/>
    <property name="java.vm.specification.name" value="Java Virtual Machine Specification"/>
    <property name="java.awt.printerjob" value="sun.awt.windows.WPrinterJob"/>
    <property name="sun.os.patch.level" value=""/>
    <property name="java.library.path" value="C:\Program Files\Amazon Corretto\jdk11.0.13_8\bin;C:\Windows\Sun\Java\bin;C:\Windows\system32;C:\Windows;C:\Program Files\Amazon Corretto\jdk11.0.13_8\bin;C:\Program Files\Common Files\Oracle\Java\javapath;C:\Windows\system32;C:\Windows;C:\Windows\System32\Wbem;C:\Windows\System32\WindowsPowerShell\v1.0\;C:\Windows\System32\OpenSSH\;C:\Program Files (x86)\NVIDIA Corporation\PhysX\Common;C:\Program Files (x86)\Intel\Intel(R) Management Engine Components\DAL;C:\Program Files\Intel\Intel(R) Management Engine Components\DAL;C:\Program Files\Intel\WiFi\bin\;C:\Program Files\Common Files\Intel\WirelessCommon\;C:\Program Files\nodejs\;C:\Program Files\Git\cmd;C:\Users\kemal\AppData\Local\Microsoft\WindowsApps;C:\Program Files\Intel\WiFi\bin\;C:\Program Files\Common Files\Intel\WirelessCommon\;C:\Users\kemal\AppData\Local\Programs\Microsoft VS Code\bin;C:\ProgramData\kemal\GitHubDesktop\bin;C:\Users\kemal\AppData\Roaming\npm;C:\Users\kemal\AppData\Local\GitHubDesktop\bin;."/>
    <property name="java.vm.info" value="mixed mode"/>
    <property name="java.vendor" value="Amazon.com Inc."/>
    <property name="java.vm.version" value="11.0.13+8-LTS"/>
    <property name="sun.io.unicode.encoding" value="UnicodeLittle"/>
    <property name="java.class.version" value="55.0"/>
  </properties>
  <testcase name="ui and api testing scenario for Search with known keyword" classname="e2e test for search functionality." time="32.321">
    <system-out><![CDATA[21:55:16.295 [main] DEBUG n.t.c.u.PropertiesFileLocalPreferences - webdriver.autodownload=true
21:55:16.299 [main] DEBUG n.t.c.u.PropertiesFileLocalPreferences - serenity.logging=VERBOSE
21:55:16.299 [main] DEBUG n.t.c.u.PropertiesFileLocalPreferences - headless.mode=false
21:55:16.300 [main] DEBUG n.t.c.u.PropertiesFileLocalPreferences - webdriver.driver=chrome
21:55:16.300 [main] DEBUG n.t.c.u.PropertiesFileLocalPreferences - chrome.switches=--start-maximized;--test-type;--no-sandbox;--ignore-certificate-errors;\r\n                   --disable-popup-blocking;--disable-default-apps;--disable-extensions-file-access-check;\r\n                   --incognito;--disable-infobars,--disable-gpu
21:55:16.300 [main] DEBUG n.t.c.u.PropertiesFileLocalPreferences - serenity.take.screenshots=AFTER_EACH_STEP
21:55:16.300 [main] DEBUG n.t.c.u.PropertiesFileLocalPreferences - environments.default.api.base.endpoint=http://automationpractice.com/
21:55:16.300 [main] DEBUG n.t.c.u.PropertiesFileLocalPreferences - serenity.browser.maximized=true
21:55:17.088 [main] DEBUG i.c.core.plugin.SerenityReporter - Running feature from file:///C:/Users/kemal/OneDrive/Belgeler/GitHub/writing-steps-to-console-kemalkagankural/src/test/resources/features/e2e_searchscenarios.feature
21:55:17.323 [main] DEBUG n.t.c.u.PropertiesFileLocalPreferences - webdriver.autodownload=true
21:55:17.324 [main] DEBUG n.t.c.u.PropertiesFileLocalPreferences - serenity.logging=VERBOSE
21:55:17.324 [main] DEBUG n.t.c.u.PropertiesFileLocalPreferences - headless.mode=false
21:55:17.324 [main] DEBUG n.t.c.u.PropertiesFileLocalPreferences - webdriver.driver=chrome
21:55:17.324 [main] DEBUG n.t.c.u.PropertiesFileLocalPreferences - chrome.switches=--start-maximized;--test-type;--no-sandbox;--ignore-certificate-errors;\r\n                   --disable-popup-blocking;--disable-default-apps;--disable-extensions-file-access-check;\r\n                   --incognito;--disable-infobars,--disable-gpu
21:55:17.324 [main] DEBUG n.t.c.u.PropertiesFileLocalPreferences - serenity.take.screenshots=AFTER_EACH_STEP
21:55:17.324 [main] DEBUG n.t.c.u.PropertiesFileLocalPreferences - environments.default.api.base.endpoint=http://automationpractice.com/
21:55:17.324 [main] DEBUG n.t.c.u.PropertiesFileLocalPreferences - serenity.browser.maximized=true
21:55:17.334 [main] INFO   - 

-------------------------------------------------------------------------------------
     _______. _______ .______       _______ .__   __.  __  .___________.____    ____ 
    /       ||   ____||   _  \     |   ____||  \ |  | |  | |           |\   \  /   / 
   |   (----`|  |__   |  |_)  |    |  |__   |   \|  | |  | `---|  |----` \   \/   /  
    \   \    |   __|  |      /     |   __|  |  . `  | |  |     |  |       \_    _/   
.----)   |   |  |____ |  |\  \----.|  |____ |  |\   | |  |     |  |         |  |     
|_______/    |_______|| _| `._____||_______||__| \__| |__|     |__|         |__|    
                                                                                     
 News and tutorials at http://www.serenity-bdd.info                                  
 Documentation at https://wakaleo.gitbooks.io/the-serenity-book/content/             
 Join the Serenity Community on Gitter: https://gitter.im/serenity-bdd/serenity-core 
 Serenity BDD Support and Training at http://serenity-bdd.info/#/trainingandsupport  
-------------------------------------------------------------------------------------

21:55:17.341 [main] DEBUG n.thucydides.core.steps.StepEventBus - Test suite started for story net.thucydides.core.model.Story@21fdc47e
21:55:17.344 [main] INFO   - Test Suite Started: e2e test for search functionality.

@KaanDoumgunucocugu
Scenario: ui and api testing scenario for Search with known keyword &amp#27;[90m# src/test/resources/features/e2e_searchscenarios.feature:5&amp#27;[0m
21:55:17.955 [main] DEBUG i.c.core.plugin.SerenityReporter - Running feature from file:///C:/Users/kemal/OneDrive/Belgeler/GitHub/writing-steps-to-console-kemalkagankural/src/test/resources/features/e2e_searchscenarios.feature
21:55:18.089 [main] INFO   - 
  _____   ___   ___   _____     ___   _____     _     ___   _____   ___   ___  
 |_   _| | __| / __| |_   _|   / __| |_   _|   /_\   | _ \ |_   _| | __| |   \ 
   | |   | _|  \__ \   | |     \__ \   | |    / _ \  |   /   | |   | _|  | |) |
   |_|   |___| |___/   |_|     |___/   |_|   /_/ \_\ |_|_\   |_|   |___| |___/ 

ui and api testing scenario for Search with known keyword(e2e-test-for-search-functionality.;ui-and-api-testing-scenario-for-search-with-known-keyword)
--------------------------------------------------------------------------------
21:55:18.183 [main] DEBUG n.t.c.r.m.cucumber.CucumberParser - Added feature e2e test for search functionality.
21:55:18.941 [main] DEBUG n.t.core.steps.StepInterceptor - STARTING STEP: SearchStepDefinitions.iOpenBrowserAndGoToTheMainPage - !#title
21:55:18.972 [main] DEBUG n.t.core.steps.StepInterceptor - STARTING STEP: SearchStepDefinitions.iOpenBrowserAndGoToTheMainPage - {0} opens the #targetPageName
21:55:19.028 [main] INFO  n.s.c.w.d.ChromeDriverProvider - Using automatically driver download
21:55:20.533 [main] DEBUG i.g.b.wdm.cache.ResolutionCache - Resolution chrome=96 in cache (valid until 22:11:15 24/12/2021 TRT)
21:55:20.534 [main] DEBUG i.g.b.wdm.cache.ResolutionCache - Resolution chrome96=96.0.4664.45 in cache (valid until 21:11:15 25/12/2021 TRT)
21:55:20.536 [main] INFO  i.g.bonigarcia.wdm.WebDriverManager - Using chromedriver 96.0.4664.45 (resolved driver for Chrome 96)
21:55:20.542 [main] DEBUG i.g.bonigarcia.wdm.WebDriverManager - Driver chromedriver 96.0.4664.45 found in cache
21:55:20.543 [main] INFO  i.g.bonigarcia.wdm.WebDriverManager - Exporting webdriver.chrome.driver as C:\Users\kemal\.cache\selenium\chromedriver\win32\96.0.4664.45\chromedriver.exe
21:55:20.884 [main] DEBUG n.s.c.w.d.ProvideNewDriver - Instantiating driver
21:55:20.888 [main] DEBUG n.s.c.w.d.ProvideNewDriver - Driver capabilities: Capabilities {acceptInsecureCerts: false, autodownload: true, base.url: , browserName: chrome, driver: chrome, goog:chromeOptions: {args: [], extensions: []}, loggingPrefs: org.openqa.selenium.logging...}
21:55:20.999 [main] DEBUG i.n.u.i.l.InternalLoggerFactory - Using SLF4J as the default logging framework
21:55:21.004 [main] DEBUG io.netty.util.ResourceLeakDetector - -Dio.netty.leakDetection.level: sımple
21:55:21.005 [main] DEBUG io.netty.util.ResourceLeakDetector - -Dio.netty.leakDetection.targetRecords: 4
21:55:21.013 [main] DEBUG i.n.util.ResourceLeakDetectorFactory - Loaded default ResourceLeakDetector: io.netty.util.ResourceLeakDetector@710afd47
21:55:21.042 [main] DEBUG i.n.util.internal.PlatformDependent0 - -Dio.netty.noUnsafe: false
21:55:21.042 [main] DEBUG i.n.util.internal.PlatformDependent0 - Java version: 11
21:55:21.043 [main] DEBUG i.n.util.internal.PlatformDependent0 - sun.misc.Unsafe.theUnsafe: available
21:55:21.044 [main] DEBUG i.n.util.internal.PlatformDependent0 - sun.misc.Unsafe.copyMemory: available
21:55:21.044 [main] DEBUG i.n.util.internal.PlatformDependent0 - java.nio.Buffer.address: available
21:55:21.045 [main] DEBUG i.n.util.internal.PlatformDependent0 - direct buffer constructor: unavailable: Reflective setAccessible(true) disabled
21:55:21.046 [main] DEBUG i.n.util.internal.PlatformDependent0 - java.nio.Bits.unaligned: available, true
21:55:21.047 [main] DEBUG i.n.util.internal.PlatformDependent0 - jdk.internal.misc.Unsafe.allocateUninitializedArray(int): unavailable: class io.netty.util.internal.PlatformDependent0$6 cannot access class jdk.internal.misc.Unsafe (in module java.base) because module java.base does not export jdk.internal.misc to unnamed module @1f651cd8
21:55:21.048 [main] DEBUG i.n.util.internal.PlatformDependent0 - java.nio.DirectByteBuffer.<init>(long, int): unavailable
21:55:21.049 [main] DEBUG i.n.util.internal.PlatformDependent - sun.misc.Unsafe: available
21:55:21.051 [main] DEBUG i.n.util.internal.PlatformDependent - maxDirectMemory: 3185573888 bytes (maybe)
21:55:21.051 [main] DEBUG i.n.util.internal.PlatformDependent - -Dio.netty.tmpdir: C:\Users\kemal\AppData\Local\Temp (java.io.tmpdir)
21:55:21.051 [main] DEBUG i.n.util.internal.PlatformDependent - -Dio.netty.bitMode: 64 (sun.arch.data.model)
21:55:21.051 [main] DEBUG i.n.util.internal.PlatformDependent - Platform: Windows
21:55:21.052 [main] DEBUG i.n.util.internal.PlatformDependent - -Dio.netty.maxDirectMemory: -1 bytes
21:55:21.052 [main] DEBUG i.n.util.internal.PlatformDependent - -Dio.netty.uninitializedArrayAllocationThreshold: -1
21:55:21.054 [main] DEBUG io.netty.util.internal.CleanerJava9 - java.nio.ByteBuffer.cleaner(): available
21:55:21.054 [main] DEBUG i.n.util.internal.PlatformDependent - -Dio.netty.noPreferDirect: false
21:55:21.065 [main] DEBUG i.n.util.internal.PlatformDependent - org.jctools-core.MpscChunkedArrayQueue: available
21:55:21.090 [main] DEBUG i.n.u.i.InternalThreadLocalMap - -Dio.netty.threadLocalMap.stringBuilder.initialSize: 1024
21:55:21.090 [main] DEBUG i.n.u.i.InternalThreadLocalMap - -Dio.netty.threadLocalMap.stringBuilder.maxSize: 4096
21:55:21.127 [main] DEBUG io.netty.handler.ssl.JdkSslContext - Default protocols (JDK): [TLSv1.3, TLSv1.2, TLSv1.1, TLSv1] 
21:55:21.127 [main] DEBUG io.netty.handler.ssl.JdkSslContext - Default cipher suites (JDK): [TLS_ECDHE_ECDSA_WITH_AES_256_GCM_SHA384, TLS_ECDHE_ECDSA_WITH_AES_128_GCM_SHA256, TLS_ECDHE_RSA_WITH_AES_128_GCM_SHA256, TLS_ECDHE_RSA_WITH_AES_256_GCM_SHA384, TLS_ECDHE_RSA_WITH_AES_128_CBC_SHA, TLS_ECDHE_RSA_WITH_AES_256_CBC_SHA, TLS_RSA_WITH_AES_128_GCM_SHA256, TLS_RSA_WITH_AES_128_CBC_SHA, TLS_RSA_WITH_AES_256_CBC_SHA, TLS_AES_128_GCM_SHA256, TLS_AES_256_GCM_SHA384]
21:55:21.175 [main] DEBUG i.n.c.MultithreadEventLoopGroup - -Dio.netty.eventLoopThreads: 24
21:55:21.189 [main] DEBUG io.netty.channel.nio.NioEventLoop - -Dio.netty.noKeySetOptimization: false
21:55:21.189 [main] DEBUG io.netty.channel.nio.NioEventLoop - -Dio.netty.selectorAutoRebuildThreshold: 512
21:55:21.251 [main] DEBUG i.n.buffer.PooledByteBufAllocator - -Dio.netty.allocator.numHeapArenas: 24
21:55:21.251 [main] DEBUG i.n.buffer.PooledByteBufAllocator - -Dio.netty.allocator.numDirectArenas: 24
21:55:21.251 [main] DEBUG i.n.buffer.PooledByteBufAllocator - -Dio.netty.allocator.pageSize: 8192
21:55:21.251 [main] DEBUG i.n.buffer.PooledByteBufAllocator - -Dio.netty.allocator.maxOrder: 11
21:55:21.251 [main] DEBUG i.n.buffer.PooledByteBufAllocator - -Dio.netty.allocator.chunkSize: 16777216
21:55:21.251 [main] DEBUG i.n.buffer.PooledByteBufAllocator - -Dio.netty.allocator.smallCacheSize: 256
21:55:21.251 [main] DEBUG i.n.buffer.PooledByteBufAllocator - -Dio.netty.allocator.normalCacheSize: 64
21:55:21.251 [main] DEBUG i.n.buffer.PooledByteBufAllocator - -Dio.netty.allocator.maxCachedBufferCapacity: 32768
21:55:21.251 [main] DEBUG i.n.buffer.PooledByteBufAllocator - -Dio.netty.allocator.cacheTrimInterval: 8192
21:55:21.251 [main] DEBUG i.n.buffer.PooledByteBufAllocator - -Dio.netty.allocator.cacheTrimIntervalMillis: 0
21:55:21.251 [main] DEBUG i.n.buffer.PooledByteBufAllocator - -Dio.netty.allocator.useCacheForAllThreads: true
21:55:21.252 [main] DEBUG i.n.buffer.PooledByteBufAllocator - -Dio.netty.allocator.maxCachedByteBuffersPerChunk: 1023
21:55:21.271 [main] DEBUG io.netty.buffer.ByteBufUtil - -Dio.netty.allocator.type: pooled
21:55:21.272 [main] DEBUG io.netty.buffer.ByteBufUtil - -Dio.netty.threadLocalDirectBufferSize: 0
21:55:21.272 [main] DEBUG io.netty.buffer.ByteBufUtil - -Dio.netty.maxThreadLocalCharBufferSize: 16384
21:55:22.185 [Forwarding newSession on session null to remote] DEBUG io.netty.channel.DefaultChannelId - -Dio.netty.processId: 9256 (auto-detected)
21:55:22.188 [Forwarding newSession on session null to remote] DEBUG io.netty.util.NetUtil - -Djava.net.preferIPv4Stack: false
21:55:22.189 [Forwarding newSession on session null to remote] DEBUG io.netty.util.NetUtil - -Djava.net.preferIPv6Addresses: false
21:55:22.424 [Forwarding newSession on session null to remote] DEBUG io.netty.util.NetUtilInitializations - Loopback interface: lo (Software Loopback Interface 1, 127.0.0.1)
21:55:22.426 [Forwarding newSession on session null to remote] DEBUG io.netty.util.NetUtil - Failed to get SOMAXCONN from sysctl and file \proc\sys\net\core\somaxconn. Default: 200
21:55:22.671 [Forwarding newSession on session null to remote] DEBUG io.netty.channel.DefaultChannelId - -Dio.netty.machineId: 98:af:65:ff:fe:95:38:19 (auto-detected)
21:55:22.747 [AsyncHttpClient-1-2] DEBUG io.netty.buffer.AbstractByteBuf - -Dio.netty.buffer.checkAccessible: true
21:55:22.749 [AsyncHttpClient-1-2] DEBUG io.netty.buffer.AbstractByteBuf - -Dio.netty.buffer.checkBounds: true
21:55:22.749 [AsyncHttpClient-1-2] DEBUG i.n.util.ResourceLeakDetectorFactory - Loaded default ResourceLeakDetector: io.netty.util.ResourceLeakDetector@3f10e792
21:55:22.777 [AsyncHttpClient-1-2] DEBUG o.a.n.channel.NettyConnectListener - Using new Channel '[id: 0xd446da2a, L:/127.0.0.1:64938 - R:localhost/127.0.0.1:53330]' for 'POST' to '/session'
21:55:22.797 [AsyncHttpClient-1-2] DEBUG io.netty.util.Recycler - -Dio.netty.recycler.maxCapacityPerThread: 4096
21:55:22.797 [AsyncHttpClient-1-2] DEBUG io.netty.util.Recycler - -Dio.netty.recycler.maxSharedCapacityFactor: 2
21:55:22.797 [AsyncHttpClient-1-2] DEBUG io.netty.util.Recycler - -Dio.netty.recycler.linkCapacity: 16
21:55:22.797 [AsyncHttpClient-1-2] DEBUG io.netty.util.Recycler - -Dio.netty.recycler.ratio: 8
21:55:22.797 [AsyncHttpClient-1-2] DEBUG io.netty.util.Recycler - -Dio.netty.recycler.delayedQueue.ratio: 8
21:55:23.714 [AsyncHttpClient-1-2] DEBUG i.n.handler.codec.compression.Brotli - brotli4j not in the classpath; Brotli support will be unavailable.
21:55:23.717 [AsyncHttpClient-1-2] DEBUG o.a.netty.handler.HttpHandler - 

Request DefaultHttpRequest(decodeResult: success, version: HTTP/1.1)
POST /session HTTP/1.1
User-Agent: selenium/4.0.0 (java windows)
Content-Length: 578
Content-Type: application/json; charset=utf-8
host: localhost:53330
accept: */*

Response DefaultHttpResponse(decodeResult: success, version: HTTP/1.1)
HTTP/1.1 200 OK
Content-Type: application/json; charset=utf-8
cache-control: no-cache
content-length: 789

21:55:23.726 [AsyncHttpClient-1-2] DEBUG o.a.netty.channel.ChannelManager - Adding key: http://localhost:53330 for channel [id: 0xd446da2a, L:/127.0.0.1:64938 - R:localhost/127.0.0.1:53330]
21:55:23.822 [AsyncHttpClient-1-3] DEBUG o.a.n.channel.NettyConnectListener - Using new Channel '[id: 0x92a02560, L:/127.0.0.1:64946 - R:localhost/127.0.0.1:64939]' for 'GET' to '/json/version'
21:55:23.828 [AsyncHttpClient-1-3] DEBUG o.a.netty.handler.HttpHandler - 

Request DefaultFullHttpRequest(decodeResult: success, version: HTTP/1.1, content: EmptyByteBufBE)
GET /json/version HTTP/1.1
User-Agent: selenium/4.0.0 (java windows)
host: localhost:64939
accept: */*

Response DefaultHttpResponse(decodeResult: success, version: HTTP/1.1)
HTTP/1.1 200 OK
Content-Type: application/json; charset=UTF-8
content-length: 426

21:55:23.829 [AsyncHttpClient-1-3] DEBUG o.a.netty.channel.ChannelManager - Adding key: http://localhost:64939 for channel [id: 0x92a02560, L:/127.0.0.1:64946 - R:localhost/127.0.0.1:64939]
21:55:23.837 [main] DEBUG i.n.util.internal.ThreadLocalRandom - -Dio.netty.initialSeedUniquifier: 0x45000f823e103e75
21:55:23.844 [AsyncHttpClient-1-4] DEBUG o.a.n.channel.NettyConnectListener - Using new Channel '[id: 0xcc8cf28e, L:/127.0.0.1:64947 - R:localhost/127.0.0.1:64939]' for 'GET' to '/devtools/browser/e0d6f327-cf55-4041-8ad5-331c886f9f18'
21:55:23.850 [AsyncHttpClient-1-4] DEBUG o.a.netty.handler.WebSocketHandler - 

Request DefaultFullHttpRequest(decodeResult: success, version: HTTP/1.1, content: EmptyByteBufBE)
GET /devtools/browser/e0d6f327-cf55-4041-8ad5-331c886f9f18 HTTP/1.1
upgrade: websocket
connection: upgrade
sec-websocket-key: Z0c21xBntapczaoITCEjlQ==
sec-websocket-version: 13
origin: http://localhost:64939
host: localhost:64939
accept: */*
user-agent: AHC/2.1

Response DefaultHttpResponse(decodeResult: success, version: HTTP/1.1)
HTTP/1.1 101 WebSocket Protocol Handshake
Upgrade: WebSocket
Connection: Upgrade
Sec-WebSocket-Accept: 2VTBolEB6uTqTnohY8yLP5iXH04=

21:55:24.028 [Forwarding get on session 81d73997ffa149049593d49b22ad6f2f to remote] DEBUG o.a.netty.request.NettyRequestSender - Using pooled Channel '[id: 0xd446da2a, L:/127.0.0.1:64938 - R:localhost/127.0.0.1:53330]' for 'POST' to 'http://localhost:53330/session/81d73997ffa149049593d49b22ad6f2f/url'
21:55:24.029 [Forwarding get on session 81d73997ffa149049593d49b22ad6f2f to remote] DEBUG o.a.netty.request.NettyRequestSender - Using open Channel [id: 0xd446da2a, L:/127.0.0.1:64938 - R:localhost/127.0.0.1:53330] for POST '/session/81d73997ffa149049593d49b22ad6f2f/url'
21:55:24.372 [AsyncHttpClient-1-1] DEBUG o.a.netty.channel.DefaultChannelPool - Entry count for : http://localhost:64939 : 1
21:55:25.472 [AsyncHttpClient-1-1] DEBUG o.a.netty.channel.DefaultChannelPool - Entry count for : http://localhost:64939 : 1
21:55:26.572 [AsyncHttpClient-1-1] DEBUG o.a.netty.channel.DefaultChannelPool - Entry count for : http://localhost:64939 : 1
21:55:27.676 [AsyncHttpClient-1-1] DEBUG o.a.netty.channel.DefaultChannelPool - Entry count for : http://localhost:64939 : 1
21:55:28.772 [AsyncHttpClient-1-1] DEBUG o.a.netty.channel.DefaultChannelPool - Entry count for : http://localhost:64939 : 1
21:55:29.872 [AsyncHttpClient-1-1] DEBUG o.a.netty.channel.DefaultChannelPool - Entry count for : http://localhost:64939 : 1
21:55:30.972 [AsyncHttpClient-1-1] DEBUG o.a.netty.channel.DefaultChannelPool - Entry count for : http://localhost:64939 : 1
21:55:32.075 [AsyncHttpClient-1-1] DEBUG o.a.netty.channel.DefaultChannelPool - Entry count for : http://localhost:64939 : 1
21:55:33.174 [AsyncHttpClient-1-1] DEBUG o.a.netty.channel.DefaultChannelPool - Entry count for : http://localhost:64939 : 1
21:55:34.272 [AsyncHttpClient-1-1] DEBUG o.a.netty.channel.DefaultChannelPool - Entry count for : http://localhost:64939 : 1
21:55:35.374 [AsyncHttpClient-1-1] DEBUG o.a.netty.channel.DefaultChannelPool - Entry count for : http://localhost:64939 : 1
21:55:35.663 [AsyncHttpClient-1-2] DEBUG o.a.netty.handler.HttpHandler - 

Request DefaultHttpRequest(decodeResult: success, version: HTTP/1.1)
POST /session/81d73997ffa149049593d49b22ad6f2f/url HTTP/1.1
User-Agent: selenium/4.0.0 (java windows)
Content-Length: 69
Content-Type: application/json; charset=utf-8
host: localhost:53330
accept: */*

Response DefaultHttpResponse(decodeResult: success, version: HTTP/1.1)
HTTP/1.1 200 OK
Content-Type: application/json; charset=utf-8
cache-control: no-cache
content-length: 14

21:55:35.663 [AsyncHttpClient-1-2] DEBUG o.a.netty.channel.ChannelManager - Adding key: http://localhost:53330 for channel [id: 0xd446da2a, L:/127.0.0.1:64938 - R:localhost/127.0.0.1:53330]
21:55:35.672 [Forwarding setTimeout on session 81d73997ffa149049593d49b22ad6f2f to remote] DEBUG o.a.netty.request.NettyRequestSender - Using pooled Channel '[id: 0xd446da2a, L:/127.0.0.1:64938 - R:localhost/127.0.0.1:53330]' for 'POST' to 'http://localhost:53330/session/81d73997ffa149049593d49b22ad6f2f/timeouts'
21:55:35.672 [Forwarding setTimeout on session 81d73997ffa149049593d49b22ad6f2f to remote] DEBUG o.a.netty.request.NettyRequestSender - Using open Channel [id: 0xd446da2a, L:/127.0.0.1:64938 - R:localhost/127.0.0.1:53330] for POST '/session/81d73997ffa149049593d49b22ad6f2f/timeouts'
21:55:35.676 [AsyncHttpClient-1-2] DEBUG o.a.netty.handler.HttpHandler - 

Request DefaultHttpRequest(decodeResult: success, version: HTTP/1.1)
POST /session/81d73997ffa149049593d49b22ad6f2f/timeouts HTTP/1.1
User-Agent: selenium/4.0.0 (java windows)
Content-Length: 22
Content-Type: application/json; charset=utf-8
host: localhost:53330
accept: */*

Response DefaultHttpResponse(decodeResult: success, version: HTTP/1.1)
HTTP/1.1 200 OK
Content-Type: application/json; charset=utf-8
cache-control: no-cache
content-length: 14

21:55:35.677 [AsyncHttpClient-1-2] DEBUG o.a.netty.channel.ChannelManager - Adding key: http://localhost:53330 for channel [id: 0xd446da2a, L:/127.0.0.1:64938 - R:localhost/127.0.0.1:53330]
21:55:35.685 [Forwarding getCurrentUrl on session 81d73997ffa149049593d49b22ad6f2f to remote] DEBUG o.a.netty.request.NettyRequestSender - Using pooled Channel '[id: 0xd446da2a, L:/127.0.0.1:64938 - R:localhost/127.0.0.1:53330]' for 'GET' to 'http://localhost:53330/session/81d73997ffa149049593d49b22ad6f2f/url'
21:55:35.686 [Forwarding getCurrentUrl on session 81d73997ffa149049593d49b22ad6f2f to remote] DEBUG o.a.netty.request.NettyRequestSender - Using open Channel [id: 0xd446da2a, L:/127.0.0.1:64938 - R:localhost/127.0.0.1:53330] for GET '/session/81d73997ffa149049593d49b22ad6f2f/url'
21:55:35.696 [AsyncHttpClient-1-2] DEBUG o.a.netty.handler.HttpHandler - 

Request DefaultFullHttpRequest(decodeResult: success, version: HTTP/1.1, content: EmptyByteBufBE)
GET /session/81d73997ffa149049593d49b22ad6f2f/url HTTP/1.1
User-Agent: selenium/4.0.0 (java windows)
Cache-Control: no-cache
Content-Type: application/json; charset=utf-8
host: localhost:53330
accept: */*

Response DefaultHttpResponse(decodeResult: success, version: HTTP/1.1)
HTTP/1.1 200 OK
Content-Type: application/json; charset=utf-8
cache-control: no-cache
content-length: 51

21:55:35.697 [AsyncHttpClient-1-2] DEBUG o.a.netty.channel.ChannelManager - Adding key: http://localhost:53330 for channel [id: 0xd446da2a, L:/127.0.0.1:64938 - R:localhost/127.0.0.1:53330]
21:55:35.701 [Forwarding getCurrentUrl on session 81d73997ffa149049593d49b22ad6f2f to remote] DEBUG o.a.netty.request.NettyRequestSender - Using pooled Channel '[id: 0xd446da2a, L:/127.0.0.1:64938 - R:localhost/127.0.0.1:53330]' for 'GET' to 'http://localhost:53330/session/81d73997ffa149049593d49b22ad6f2f/url'
21:55:35.702 [Forwarding getCurrentUrl on session 81d73997ffa149049593d49b22ad6f2f to remote] DEBUG o.a.netty.request.NettyRequestSender - Using open Channel [id: 0xd446da2a, L:/127.0.0.1:64938 - R:localhost/127.0.0.1:53330] for GET '/session/81d73997ffa149049593d49b22ad6f2f/url'
21:55:35.706 [AsyncHttpClient-1-2] DEBUG o.a.netty.handler.HttpHandler - 

Request DefaultFullHttpRequest(decodeResult: success, version: HTTP/1.1, content: EmptyByteBufBE)
GET /session/81d73997ffa149049593d49b22ad6f2f/url HTTP/1.1
User-Agent: selenium/4.0.0 (java windows)
Cache-Control: no-cache
Content-Type: application/json; charset=utf-8
host: localhost:53330
accept: */*

Response DefaultHttpResponse(decodeResult: success, version: HTTP/1.1)
HTTP/1.1 200 OK
Content-Type: application/json; charset=utf-8
cache-control: no-cache
content-length: 51

21:55:35.707 [AsyncHttpClient-1-2] DEBUG o.a.netty.channel.ChannelManager - Adding key: http://localhost:53330 for channel [id: 0xd446da2a, L:/127.0.0.1:64938 - R:localhost/127.0.0.1:53330]
21:55:35.741 [main] DEBUG n.s.core.photography.Darkroom - Opening darkroom
21:55:35.742 [Darkroom Processing Line] DEBUG n.s.c.p.DarkroomProcessingLine - Darkroom processing line starting up
21:55:35.744 [Forwarding screenshot on session 81d73997ffa149049593d49b22ad6f2f to remote] DEBUG o.a.netty.request.NettyRequestSender - Using pooled Channel '[id: 0xd446da2a, L:/127.0.0.1:64938 - R:localhost/127.0.0.1:53330]' for 'GET' to 'http://localhost:53330/session/81d73997ffa149049593d49b22ad6f2f/screenshot'
21:55:35.744 [Forwarding screenshot on session 81d73997ffa149049593d49b22ad6f2f to remote] DEBUG o.a.netty.request.NettyRequestSender - Using open Channel [id: 0xd446da2a, L:/127.0.0.1:64938 - R:localhost/127.0.0.1:53330] for GET '/session/81d73997ffa149049593d49b22ad6f2f/screenshot'
21:55:36.291 [AsyncHttpClient-1-2] DEBUG o.a.netty.handler.HttpHandler - 

Request DefaultFullHttpRequest(decodeResult: success, version: HTTP/1.1, content: EmptyByteBufBE)
GET /session/81d73997ffa149049593d49b22ad6f2f/screenshot HTTP/1.1
User-Agent: selenium/4.0.0 (java windows)
Cache-Control: no-cache
Content-Type: application/json; charset=utf-8
host: localhost:53330
accept: */*

Response DefaultHttpResponse(decodeResult: success, version: HTTP/1.1)
HTTP/1.1 200 OK
Content-Type: application/json; charset=utf-8
cache-control: no-cache
content-length: 1093716

21:55:36.300 [AsyncHttpClient-1-2] DEBUG o.a.netty.channel.ChannelManager - Adding key: http://localhost:53330 for channel [id: 0xd446da2a, L:/127.0.0.1:64938 - R:localhost/127.0.0.1:53330]
21:55:36.473 [AsyncHttpClient-1-1] DEBUG o.a.netty.channel.DefaultChannelPool - Entry count for : http://localhost:53330 : 1
21:55:36.473 [AsyncHttpClient-1-1] DEBUG o.a.netty.channel.DefaultChannelPool - Entry count for : http://localhost:64939 : 1
21:55:36.475 [main] DEBUG n.s.core.photography.Darkroom - Send negative for processing for target\site\serenity\62ddba54e7af4e0a4b9324e905be37dce726477ba99fd9624e79eafebf0ced36.png
21:55:36.475 [Darkroom Processing Line] DEBUG n.s.c.p.DarkroomProcessingLine - Processing screenshot image in /var/screenshots/screenshot-770620594450745535
21:55:36.475 [Darkroom Processing Line] DEBUG n.s.c.p.DarkroomProcessingLine - Saving screenshot to target\site\serenity\62ddba54e7af4e0a4b9324e905be37dce726477ba99fd9624e79eafebf0ced36.png
21:55:36.478 [main] DEBUG n.t.core.steps.StepInterceptor - STEP DONE: {0} opens the #targetPageName
21:55:36.491 [main] DEBUG n.t.core.steps.StepInterceptor - STEP DONE: !#title
  &amp#27;[32mGiven &amp#27;[0m&amp#27;[32mI open browser and go to the main page&amp#27;[0m                      &amp#27;[90m# stepdefinitions.SearchStepDefinitions.iOpenBrowserAndGoToTheMainPage()&amp#27;[0m
21:55:36.553 [Forwarding screenshot on session 81d73997ffa149049593d49b22ad6f2f to remote] DEBUG o.a.netty.request.NettyRequestSender - Using pooled Channel '[id: 0xd446da2a, L:/127.0.0.1:64938 - R:localhost/127.0.0.1:53330]' for 'GET' to 'http://localhost:53330/session/81d73997ffa149049593d49b22ad6f2f/screenshot'
21:55:36.553 [Forwarding screenshot on session 81d73997ffa149049593d49b22ad6f2f to remote] DEBUG o.a.netty.request.NettyRequestSender - Using open Channel [id: 0xd446da2a, L:/127.0.0.1:64938 - R:localhost/127.0.0.1:53330] for GET '/session/81d73997ffa149049593d49b22ad6f2f/screenshot'
21:55:37.103 [AsyncHttpClient-1-2] DEBUG o.a.netty.handler.HttpHandler - 

Request DefaultFullHttpRequest(decodeResult: success, version: HTTP/1.1, content: EmptyByteBufBE)
GET /session/81d73997ffa149049593d49b22ad6f2f/screenshot HTTP/1.1
User-Agent: selenium/4.0.0 (java windows)
Cache-Control: no-cache
Content-Type: application/json; charset=utf-8
host: localhost:53330
accept: */*

Response DefaultHttpResponse(decodeResult: success, version: HTTP/1.1)
HTTP/1.1 200 OK
Content-Type: application/json; charset=utf-8
cache-control: no-cache
content-length: 1093716

21:55:37.110 [AsyncHttpClient-1-2] DEBUG o.a.netty.channel.ChannelManager - Adding key: http://localhost:53330 for channel [id: 0xd446da2a, L:/127.0.0.1:64938 - R:localhost/127.0.0.1:53330]
21:55:37.158 [main] DEBUG n.s.core.photography.Darkroom - Send negative for processing for target\site\serenity\62ddba54e7af4e0a4b9324e905be37dce726477ba99fd9624e79eafebf0ced36.png
21:55:37.160 [main] DEBUG n.t.core.steps.StepInterceptor - STARTING STEP: SearchStepDefinitions.iSearchWithInTheHomePage - !#title
21:55:37.174 [main] DEBUG n.t.core.steps.StepInterceptor - STARTING STEP: SearchStepDefinitions.iSearchWithInTheHomePage - {0} clicks on #target
21:55:37.176 [main] DEBUG n.s.s.targets.IFrameSwitcher - default content already selected for Search box input
21:55:37.193 [Forwarding findElement on session 81d73997ffa149049593d49b22ad6f2f to remote] DEBUG o.a.netty.request.NettyRequestSender - Using pooled Channel '[id: 0xd446da2a, L:/127.0.0.1:64938 - R:localhost/127.0.0.1:53330]' for 'POST' to 'http://localhost:53330/session/81d73997ffa149049593d49b22ad6f2f/element'
21:55:37.193 [Forwarding findElement on session 81d73997ffa149049593d49b22ad6f2f to remote] DEBUG o.a.netty.request.NettyRequestSender - Using open Channel [id: 0xd446da2a, L:/127.0.0.1:64938 - R:localhost/127.0.0.1:53330] for POST '/session/81d73997ffa149049593d49b22ad6f2f/element'
21:55:37.211 [AsyncHttpClient-1-2] DEBUG o.a.netty.handler.HttpHandler - 

Request DefaultHttpRequest(decodeResult: success, version: HTTP/1.1)
POST /session/81d73997ffa149049593d49b22ad6f2f/element HTTP/1.1
User-Agent: selenium/4.0.0 (java windows)
Content-Length: 61
Content-Type: application/json; charset=utf-8
host: localhost:53330
accept: */*

Response DefaultHttpResponse(decodeResult: success, version: HTTP/1.1)
HTTP/1.1 200 OK
Content-Type: application/json; charset=utf-8
cache-control: no-cache
content-length: 88

21:55:37.211 [AsyncHttpClient-1-2] DEBUG o.a.netty.channel.ChannelManager - Adding key: http://localhost:53330 for channel [id: 0xd446da2a, L:/127.0.0.1:64938 - R:localhost/127.0.0.1:53330]
21:55:37.228 [Forwarding isElementDisplayed on session 81d73997ffa149049593d49b22ad6f2f to remote] DEBUG o.a.netty.request.NettyRequestSender - Using pooled Channel '[id: 0xd446da2a, L:/127.0.0.1:64938 - R:localhost/127.0.0.1:53330]' for 'POST' to 'http://localhost:53330/session/81d73997ffa149049593d49b22ad6f2f/execute/sync'
21:55:37.229 [Forwarding isElementDisplayed on session 81d73997ffa149049593d49b22ad6f2f to remote] DEBUG o.a.netty.request.NettyRequestSender - Using open Channel [id: 0xd446da2a, L:/127.0.0.1:64938 - R:localhost/127.0.0.1:53330] for POST '/session/81d73997ffa149049593d49b22ad6f2f/execute/sync'
21:55:37.249 [AsyncHttpClient-1-2] DEBUG o.a.netty.handler.HttpHandler - 

Request DefaultHttpRequest(decodeResult: success, version: HTTP/1.1)
POST /session/81d73997ffa149049593d49b22ad6f2f/execute/sync HTTP/1.1
User-Agent: selenium/4.0.0 (java windows)
Content-Length: 48780
Content-Type: application/json; charset=utf-8
host: localhost:53330
accept: */*

Response DefaultHttpResponse(decodeResult: success, version: HTTP/1.1)
HTTP/1.1 200 OK
Content-Type: application/json; charset=utf-8
cache-control: no-cache
content-length: 14

21:55:37.250 [AsyncHttpClient-1-2] DEBUG o.a.netty.channel.ChannelManager - Adding key: http://localhost:53330 for channel [id: 0xd446da2a, L:/127.0.0.1:64938 - R:localhost/127.0.0.1:53330]
21:55:37.257 [Forwarding findElement on session 81d73997ffa149049593d49b22ad6f2f to remote] DEBUG o.a.netty.request.NettyRequestSender - Using pooled Channel '[id: 0xd446da2a, L:/127.0.0.1:64938 - R:localhost/127.0.0.1:53330]' for 'POST' to 'http://localhost:53330/session/81d73997ffa149049593d49b22ad6f2f/element'
21:55:37.257 [Forwarding findElement on session 81d73997ffa149049593d49b22ad6f2f to remote] DEBUG o.a.netty.request.NettyRequestSender - Using open Channel [id: 0xd446da2a, L:/127.0.0.1:64938 - R:localhost/127.0.0.1:53330] for POST '/session/81d73997ffa149049593d49b22ad6f2f/element'
21:55:37.266 [AsyncHttpClient-1-2] DEBUG o.a.netty.handler.HttpHandler - 

Request DefaultHttpRequest(decodeResult: success, version: HTTP/1.1)
POST /session/81d73997ffa149049593d49b22ad6f2f/element HTTP/1.1
User-Agent: selenium/4.0.0 (java windows)
Content-Length: 61
Content-Type: application/json; charset=utf-8
host: localhost:53330
accept: */*

Response DefaultHttpResponse(decodeResult: success, version: HTTP/1.1)
HTTP/1.1 200 OK
Content-Type: application/json; charset=utf-8
cache-control: no-cache
content-length: 88

21:55:37.266 [AsyncHttpClient-1-2] DEBUG o.a.netty.channel.ChannelManager - Adding key: http://localhost:53330 for channel [id: 0xd446da2a, L:/127.0.0.1:64938 - R:localhost/127.0.0.1:53330]
21:55:37.270 [Forwarding clickElement on session 81d73997ffa149049593d49b22ad6f2f to remote] DEBUG o.a.netty.request.NettyRequestSender - Using pooled Channel '[id: 0xd446da2a, L:/127.0.0.1:64938 - R:localhost/127.0.0.1:53330]' for 'POST' to 'http://localhost:53330/session/81d73997ffa149049593d49b22ad6f2f/element/49353d98-0211-4552-9911-770617388b41/click'
21:55:37.270 [Forwarding clickElement on session 81d73997ffa149049593d49b22ad6f2f to remote] DEBUG o.a.netty.request.NettyRequestSender - Using open Channel [id: 0xd446da2a, L:/127.0.0.1:64938 - R:localhost/127.0.0.1:53330] for POST '/session/81d73997ffa149049593d49b22ad6f2f/element/49353d98-0211-4552-9911-770617388b41/click'
21:55:37.355 [AsyncHttpClient-1-2] DEBUG o.a.netty.handler.HttpHandler - 

Request DefaultHttpRequest(decodeResult: success, version: HTTP/1.1)
POST /session/81d73997ffa149049593d49b22ad6f2f/element/49353d98-0211-4552-9911-770617388b41/click HTTP/1.1
User-Agent: selenium/4.0.0 (java windows)
Content-Length: 50
Content-Type: application/json; charset=utf-8
host: localhost:53330
accept: */*

Response DefaultHttpResponse(decodeResult: success, version: HTTP/1.1)
HTTP/1.1 200 OK
Content-Type: application/json; charset=utf-8
cache-control: no-cache
content-length: 14

21:55:37.356 [AsyncHttpClient-1-2] DEBUG o.a.netty.channel.ChannelManager - Adding key: http://localhost:53330 for channel [id: 0xd446da2a, L:/127.0.0.1:64938 - R:localhost/127.0.0.1:53330]
21:55:37.386 [Forwarding screenshot on session 81d73997ffa149049593d49b22ad6f2f to remote] DEBUG o.a.netty.request.NettyRequestSender - Using pooled Channel '[id: 0xd446da2a, L:/127.0.0.1:64938 - R:localhost/127.0.0.1:53330]' for 'GET' to 'http://localhost:53330/session/81d73997ffa149049593d49b22ad6f2f/screenshot'
21:55:37.387 [Forwarding screenshot on session 81d73997ffa149049593d49b22ad6f2f to remote] DEBUG o.a.netty.request.NettyRequestSender - Using open Channel [id: 0xd446da2a, L:/127.0.0.1:64938 - R:localhost/127.0.0.1:53330] for GET '/session/81d73997ffa149049593d49b22ad6f2f/screenshot'
21:55:37.575 [AsyncHttpClient-1-1] DEBUG o.a.netty.channel.DefaultChannelPool - Entry count for : http://localhost:64939 : 1
21:55:38.114 [AsyncHttpClient-1-2] DEBUG o.a.netty.handler.HttpHandler - 

Request DefaultFullHttpRequest(decodeResult: success, version: HTTP/1.1, content: EmptyByteBufBE)
GET /session/81d73997ffa149049593d49b22ad6f2f/screenshot HTTP/1.1
User-Agent: selenium/4.0.0 (java windows)
Cache-Control: no-cache
Content-Type: application/json; charset=utf-8
host: localhost:53330
accept: */*

Response DefaultHttpResponse(decodeResult: success, version: HTTP/1.1)
HTTP/1.1 200 OK
Content-Type: application/json; charset=utf-8
cache-control: no-cache
content-length: 1096704

21:55:38.120 [AsyncHttpClient-1-2] DEBUG o.a.netty.channel.ChannelManager - Adding key: http://localhost:53330 for channel [id: 0xd446da2a, L:/127.0.0.1:64938 - R:localhost/127.0.0.1:53330]
21:55:38.188 [main] DEBUG n.s.core.photography.Darkroom - Send negative for processing for target\site\serenity\0fd80640010ae135ad7028bfa0db02bea8a9f0c715ff92782f081aaa36da9ea8.png
21:55:38.189 [Darkroom Processing Line] DEBUG n.s.c.p.DarkroomProcessingLine - Processing screenshot image in /var/screenshots/screenshot-1533227177671059986
21:55:38.190 [main] DEBUG n.t.core.steps.StepInterceptor - STEP DONE: {0} clicks on #target
21:55:38.190 [Darkroom Processing Line] DEBUG n.s.c.p.DarkroomProcessingLine - Saving screenshot to target\site\serenity\0fd80640010ae135ad7028bfa0db02bea8a9f0c715ff92782f081aaa36da9ea8.png
21:55:38.206 [main] DEBUG n.t.core.steps.StepInterceptor - STARTING STEP: SearchStepDefinitions.iSearchWithInTheHomePage - {0} enters #theTextAsAString into #target
21:55:38.208 [main] DEBUG n.s.s.targets.IFrameSwitcher - default content already selected for Search box input
21:55:38.211 [Forwarding findElement on session 81d73997ffa149049593d49b22ad6f2f to remote] DEBUG o.a.netty.request.NettyRequestSender - Using pooled Channel '[id: 0xd446da2a, L:/127.0.0.1:64938 - R:localhost/127.0.0.1:53330]' for 'POST' to 'http://localhost:53330/session/81d73997ffa149049593d49b22ad6f2f/element'
21:55:38.211 [Forwarding findElement on session 81d73997ffa149049593d49b22ad6f2f to remote] DEBUG o.a.netty.request.NettyRequestSender - Using open Channel [id: 0xd446da2a, L:/127.0.0.1:64938 - R:localhost/127.0.0.1:53330] for POST '/session/81d73997ffa149049593d49b22ad6f2f/element'
21:55:38.220 [AsyncHttpClient-1-2] DEBUG o.a.netty.handler.HttpHandler - 

Request DefaultHttpRequest(decodeResult: success, version: HTTP/1.1)
POST /session/81d73997ffa149049593d49b22ad6f2f/element HTTP/1.1
User-Agent: selenium/4.0.0 (java windows)
Content-Length: 61
Content-Type: application/json; charset=utf-8
host: localhost:53330
accept: */*

Response DefaultHttpResponse(decodeResult: success, version: HTTP/1.1)
HTTP/1.1 200 OK
Content-Type: application/json; charset=utf-8
cache-control: no-cache
content-length: 88

21:55:38.220 [AsyncHttpClient-1-2] DEBUG o.a.netty.channel.ChannelManager - Adding key: http://localhost:53330 for channel [id: 0xd446da2a, L:/127.0.0.1:64938 - R:localhost/127.0.0.1:53330]
21:55:38.227 [Forwarding sendKeysToElement on session 81d73997ffa149049593d49b22ad6f2f to remote] DEBUG o.a.netty.request.NettyRequestSender - Using pooled Channel '[id: 0xd446da2a, L:/127.0.0.1:64938 - R:localhost/127.0.0.1:53330]' for 'POST' to 'http://localhost:53330/session/81d73997ffa149049593d49b22ad6f2f/element/49353d98-0211-4552-9911-770617388b41/value'
21:55:38.227 [Forwarding sendKeysToElement on session 81d73997ffa149049593d49b22ad6f2f to remote] DEBUG o.a.netty.request.NettyRequestSender - Using open Channel [id: 0xd446da2a, L:/127.0.0.1:64938 - R:localhost/127.0.0.1:53330] for POST '/session/81d73997ffa149049593d49b22ad6f2f/element/49353d98-0211-4552-9911-770617388b41/value'
21:55:38.260 [AsyncHttpClient-1-2] DEBUG o.a.netty.handler.HttpHandler - 

Request DefaultHttpRequest(decodeResult: success, version: HTTP/1.1)
POST /session/81d73997ffa149049593d49b22ad6f2f/element/49353d98-0211-4552-9911-770617388b41/value HTTP/1.1
User-Agent: selenium/4.0.0 (java windows)
Content-Length: 121
Content-Type: application/json; charset=utf-8
host: localhost:53330
accept: */*

Response DefaultHttpResponse(decodeResult: success, version: HTTP/1.1)
HTTP/1.1 200 OK
Content-Type: application/json; charset=utf-8
cache-control: no-cache
content-length: 14

21:55:38.260 [AsyncHttpClient-1-2] DEBUG o.a.netty.channel.ChannelManager - Adding key: http://localhost:53330 for channel [id: 0xd446da2a, L:/127.0.0.1:64938 - R:localhost/127.0.0.1:53330]
21:55:38.262 [main] DEBUG n.s.s.targets.IFrameSwitcher - default content already selected for Search box input
21:55:38.265 [Forwarding findElement on session 81d73997ffa149049593d49b22ad6f2f to remote] DEBUG o.a.netty.request.NettyRequestSender - Using pooled Channel '[id: 0xd446da2a, L:/127.0.0.1:64938 - R:localhost/127.0.0.1:53330]' for 'POST' to 'http://localhost:53330/session/81d73997ffa149049593d49b22ad6f2f/element'
21:55:38.265 [Forwarding findElement on session 81d73997ffa149049593d49b22ad6f2f to remote] DEBUG o.a.netty.request.NettyRequestSender - Using open Channel [id: 0xd446da2a, L:/127.0.0.1:64938 - R:localhost/127.0.0.1:53330] for POST '/session/81d73997ffa149049593d49b22ad6f2f/element'
21:55:38.274 [AsyncHttpClient-1-2] DEBUG o.a.netty.handler.HttpHandler - 

Request DefaultHttpRequest(decodeResult: success, version: HTTP/1.1)
POST /session/81d73997ffa149049593d49b22ad6f2f/element HTTP/1.1
User-Agent: selenium/4.0.0 (java windows)
Content-Length: 61
Content-Type: application/json; charset=utf-8
host: localhost:53330
accept: */*

Response DefaultHttpResponse(decodeResult: success, version: HTTP/1.1)
HTTP/1.1 200 OK
Content-Type: application/json; charset=utf-8
cache-control: no-cache
content-length: 88

21:55:38.274 [AsyncHttpClient-1-2] DEBUG o.a.netty.channel.ChannelManager - Adding key: http://localhost:53330 for channel [id: 0xd446da2a, L:/127.0.0.1:64938 - R:localhost/127.0.0.1:53330]
21:55:38.278 [Forwarding sendKeysToElement on session 81d73997ffa149049593d49b22ad6f2f to remote] DEBUG o.a.netty.request.NettyRequestSender - Using pooled Channel '[id: 0xd446da2a, L:/127.0.0.1:64938 - R:localhost/127.0.0.1:53330]' for 'POST' to 'http://localhost:53330/session/81d73997ffa149049593d49b22ad6f2f/element/49353d98-0211-4552-9911-770617388b41/value'
21:55:38.278 [Forwarding sendKeysToElement on session 81d73997ffa149049593d49b22ad6f2f to remote] DEBUG o.a.netty.request.NettyRequestSender - Using open Channel [id: 0xd446da2a, L:/127.0.0.1:64938 - R:localhost/127.0.0.1:53330] for POST '/session/81d73997ffa149049593d49b22ad6f2f/element/49353d98-0211-4552-9911-770617388b41/value'
21:55:38.673 [AsyncHttpClient-1-1] DEBUG o.a.netty.channel.DefaultChannelPool - Entry count for : http://localhost:64939 : 1
21:55:39.777 [AsyncHttpClient-1-1] DEBUG o.a.netty.channel.DefaultChannelPool - Entry count for : http://localhost:64939 : 1
21:55:40.872 [AsyncHttpClient-1-1] DEBUG o.a.netty.channel.DefaultChannelPool - Entry count for : http://localhost:64939 : 1
21:55:41.658 [AsyncHttpClient-1-2] DEBUG o.a.netty.handler.HttpHandler - 

Request DefaultHttpRequest(decodeResult: success, version: HTTP/1.1)
POST /session/81d73997ffa149049593d49b22ad6f2f/element/49353d98-0211-4552-9911-770617388b41/value HTTP/1.1
User-Agent: selenium/4.0.0 (java windows)
Content-Length: 95
Content-Type: application/json; charset=utf-8
host: localhost:53330
accept: */*

Response DefaultHttpResponse(decodeResult: success, version: HTTP/1.1)
HTTP/1.1 200 OK
Content-Type: application/json; charset=utf-8
cache-control: no-cache
content-length: 14

21:55:41.658 [AsyncHttpClient-1-2] DEBUG o.a.netty.channel.ChannelManager - Adding key: http://localhost:53330 for channel [id: 0xd446da2a, L:/127.0.0.1:64938 - R:localhost/127.0.0.1:53330]
21:55:41.669 [Forwarding screenshot on session 81d73997ffa149049593d49b22ad6f2f to remote] DEBUG o.a.netty.request.NettyRequestSender - Using pooled Channel '[id: 0xd446da2a, L:/127.0.0.1:64938 - R:localhost/127.0.0.1:53330]' for 'GET' to 'http://localhost:53330/session/81d73997ffa149049593d49b22ad6f2f/screenshot'
21:55:41.669 [Forwarding screenshot on session 81d73997ffa149049593d49b22ad6f2f to remote] DEBUG o.a.netty.request.NettyRequestSender - Using open Channel [id: 0xd446da2a, L:/127.0.0.1:64938 - R:localhost/127.0.0.1:53330] for GET '/session/81d73997ffa149049593d49b22ad6f2f/screenshot'
21:55:41.831 [AsyncHttpClient-1-2] DEBUG o.a.netty.handler.HttpHandler - 

Request DefaultFullHttpRequest(decodeResult: success, version: HTTP/1.1, content: EmptyByteBufBE)
GET /session/81d73997ffa149049593d49b22ad6f2f/screenshot HTTP/1.1
User-Agent: selenium/4.0.0 (java windows)
Cache-Control: no-cache
Content-Type: application/json; charset=utf-8
host: localhost:53330
accept: */*

Response DefaultHttpResponse(decodeResult: success, version: HTTP/1.1)
HTTP/1.1 200 OK
Content-Type: application/json; charset=utf-8
cache-control: no-cache
content-length: 176092

21:55:41.833 [AsyncHttpClient-1-2] DEBUG o.a.netty.channel.ChannelManager - Adding key: http://localhost:53330 for channel [id: 0xd446da2a, L:/127.0.0.1:64938 - R:localhost/127.0.0.1:53330]
21:55:41.840 [main] DEBUG n.s.core.photography.Darkroom - Send negative for processing for target\site\serenity\4ef885265cff42be2b4082d391236d237e7802ea2a16823108c1239b8aeaf0a6.png
21:55:41.840 [main] DEBUG n.t.core.steps.StepInterceptor - STEP DONE: {0} enters #theTextAsAString into #target
21:55:41.840 [Darkroom Processing Line] DEBUG n.s.c.p.DarkroomProcessingLine - Processing screenshot image in /var/screenshots/screenshot-4239389078779041341
21:55:41.840 [Darkroom Processing Line] DEBUG n.s.c.p.DarkroomProcessingLine - Saving screenshot to target\site\serenity\4ef885265cff42be2b4082d391236d237e7802ea2a16823108c1239b8aeaf0a6.png
21:55:41.846 [main] DEBUG n.t.core.steps.StepInterceptor - STEP DONE: !#title
  &amp#27;[32mWhen &amp#27;[0m&amp#27;[32mI search with &amp#27;[0m&amp#27;[32m&amp#27;[1m"keyword"&amp#27;[0m&amp#27;[32m in the home page&amp#27;[0m                     &amp#27;[90m# stepdefinitions.SearchStepDefinitions.iSearchWithInTheHomePage(java.lang.String)&amp#27;[0m
21:55:41.864 [main] DEBUG n.t.core.steps.StepInterceptor - STARTING STEP: SearchStepDefinitions.apiEndpointShouldBeCalledWith - invoke_my_webservice
21:55:41.870 [main] DEBUG n.t.core.steps.StepInterceptor - STEP DONE: invoke_my_webservice
21:55:41.887 [main] DEBUG n.t.core.steps.StepInterceptor - STARTING STEP: SearchStepDefinitions.apiEndpointShouldBeCalledWith - {0} executes a GET on the resource #resource
21:55:41.973 [AsyncHttpClient-1-1] DEBUG o.a.netty.channel.DefaultChannelPool - Entry count for : http://localhost:53330 : 1
21:55:41.973 [AsyncHttpClient-1-1] DEBUG o.a.netty.channel.DefaultChannelPool - Entry count for : http://localhost:64939 : 1
21:55:43.080 [AsyncHttpClient-1-1] DEBUG o.a.netty.channel.DefaultChannelPool - Entry count for : http://localhost:53330 : 1
21:55:43.083 [AsyncHttpClient-1-1] DEBUG o.a.netty.channel.DefaultChannelPool - Entry count for : http://localhost:64939 : 1
21:55:44.174 [AsyncHttpClient-1-1] DEBUG o.a.netty.channel.DefaultChannelPool - Entry count for : http://localhost:53330 : 1
21:55:44.174 [AsyncHttpClient-1-1] DEBUG o.a.netty.channel.DefaultChannelPool - Entry count for : http://localhost:64939 : 1
21:55:44.690 [main] DEBUG o.a.h.i.c.BasicClientConnectionManager - Get connection for route {}->http://automationpractice.com:80
21:55:44.701 [main] DEBUG o.a.h.i.c.DefaultClientConnectionOperator - Connecting to automationpractice.com:80
21:55:45.272 [AsyncHttpClient-1-1] DEBUG o.a.netty.channel.DefaultChannelPool - Entry count for : http://localhost:53330 : 1
21:55:45.272 [AsyncHttpClient-1-1] DEBUG o.a.netty.channel.DefaultChannelPool - Entry count for : http://localhost:64939 : 1
21:55:45.495 [main] DEBUG o.a.h.c.protocol.RequestAddCookies - CookieSpec selected: ignoreCookies
21:55:45.497 [main] DEBUG o.a.h.c.protocol.RequestAuthCache - Auth cache not set in the context
21:55:45.497 [main] DEBUG o.a.h.c.p.RequestTargetAuthentication - Target auth state: UNCHALLENGED
21:55:45.497 [main] DEBUG o.a.h.c.p.RequestProxyAuthentication - Proxy auth state: UNCHALLENGED
21:55:45.497 [main] DEBUG o.a.h.impl.client.DefaultHttpClient - Attempt 1 to execute request
21:55:45.497 [main] DEBUG o.a.h.i.conn.DefaultClientConnection - Sending request: GET /index.php?controller=search&q=test&limit=10&timestamp=1639907643890&ajaxSearch=1&id_lang=1 HTTP/1.1
21:55:45.497 [main] DEBUG org.apache.http.wire -  >> "GET /index.php?controller=search&q=test&limit=10&timestamp=1639907643890&ajaxSearch=1&id_lang=1 HTTP/1.1[\r][\n]"
21:55:45.498 [main] DEBUG org.apache.http.wire -  >> "Content-Type: application/json[\r][\n]"
21:55:45.498 [main] DEBUG org.apache.http.wire -  >> "Accept: */*[\r][\n]"
21:55:45.498 [main] DEBUG org.apache.http.wire -  >> "Host: automationpractice.com[\r][\n]"
21:55:45.498 [main] DEBUG org.apache.http.wire -  >> "Connection: Keep-Alive[\r][\n]"
21:55:45.498 [main] DEBUG org.apache.http.wire -  >> "User-Agent: Apache-HttpClient/4.5.13 (Java/11.0.13)[\r][\n]"
21:55:45.499 [main] DEBUG org.apache.http.wire -  >> "Accept-Encoding: gz?p,deflate[\r][\n]"
21:55:45.499 [main] DEBUG org.apache.http.wire -  >> "[\r][\n]"
21:55:45.499 [main] DEBUG org.apache.http.headers - >> GET /index.php?controller=search&q=test&limit=10&timestamp=1639907643890&ajaxSearch=1&id_lang=1 HTTP/1.1
21:55:45.499 [main] DEBUG org.apache.http.headers - >> Content-Type: application/json
21:55:45.499 [main] DEBUG org.apache.http.headers - >> Accept: */*
21:55:45.499 [main] DEBUG org.apache.http.headers - >> Host: automationpractice.com
21:55:45.499 [main] DEBUG org.apache.http.headers - >> Connection: Keep-Alive
21:55:45.499 [main] DEBUG org.apache.http.headers - >> User-Agent: Apache-HttpClient/4.5.13 (Java/11.0.13)
21:55:45.499 [main] DEBUG org.apache.http.headers - >> Accept-Encoding: gzıp,deflate
21:55:46.373 [AsyncHttpClient-1-1] DEBUG o.a.netty.channel.DefaultChannelPool - Entry count for : http://localhost:53330 : 1
21:55:46.373 [AsyncHttpClient-1-1] DEBUG o.a.netty.channel.DefaultChannelPool - Entry count for : http://localhost:64939 : 1
21:55:47.226 [main] DEBUG org.apache.http.wire -  << "HTTP/1.1 200 OK[\r][\n]"
21:55:47.227 [main] DEBUG org.apache.http.wire -  << "Date: Fri, 24 Dec 2021 18:55:46 GMT[\r][\n]"
21:55:47.227 [main] DEBUG org.apache.http.wire -  << "Server: Apache[\r][\n]"
21:55:47.227 [main] DEBUG org.apache.http.wire -  << "Set-Cookie: PrestaShop-a30a9934ef476d11b6cc3c983616e364=P1FCHJTjoM8QGn5c0vE0%2BuDa4uBfZD5qaAxiX9hbJ0pj9PKvbiYxJ2f2XJPIw9x6xpxCz2f90emK6GHMRAcIFrN1NDUG8CNSCeYEVI3d0l4%3D000075; expires=Thu, 13-Jan-2022 18:55:46 GMT; path=/; domain=automationpractice.com; httponly[\r][\n]"
21:55:47.227 [main] DEBUG org.apache.http.wire -  << "Upgrade: h2,h2c[\r][\n]"
21:55:47.227 [main] DEBUG org.apache.http.wire -  << "Connection: Upgrade, Keep-Alive[\r][\n]"
21:55:47.227 [main] DEBUG org.apache.http.wire -  << "Keep-Alive: timeout=3, max=100[\r][\n]"
21:55:47.227 [main] DEBUG org.apache.http.wire -  << "Transfer-Encoding: chunked[\r][\n]"
21:55:47.227 [main] DEBUG org.apache.http.wire -  << "Content-Type: text/html; charset=utf-8[\r][\n]"
21:55:47.227 [main] DEBUG org.apache.http.wire -  << "[\r][\n]"
21:55:47.228 [main] DEBUG o.a.h.i.conn.DefaultClientConnection - Receiving response: HTTP/1.1 200 OK
21:55:47.228 [main] DEBUG org.apache.http.headers - << HTTP/1.1 200 OK
21:55:47.228 [main] DEBUG org.apache.http.headers - << Date: Fri, 24 Dec 2021 18:55:46 GMT
21:55:47.228 [main] DEBUG org.apache.http.headers - << Server: Apache
21:55:47.228 [main] DEBUG org.apache.http.headers - << Set-Cookie: PrestaShop-a30a9934ef476d11b6cc3c983616e364=P1FCHJTjoM8QGn5c0vE0%2BuDa4uBfZD5qaAxiX9hbJ0pj9PKvbiYxJ2f2XJPIw9x6xpxCz2f90emK6GHMRAcIFrN1NDUG8CNSCeYEVI3d0l4%3D000075; expires=Thu, 13-Jan-2022 18:55:46 GMT; path=/; domain=automationpractice.com; httponly
21:55:47.228 [main] DEBUG org.apache.http.headers - << Upgrade: h2,h2c
21:55:47.228 [main] DEBUG org.apache.http.headers - << Connection: Upgrade, Keep-Alive
21:55:47.228 [main] DEBUG org.apache.http.headers - << Keep-Alive: timeout=3, max=100
21:55:47.228 [main] DEBUG org.apache.http.headers - << Transfer-Encoding: chunked
21:55:47.228 [main] DEBUG org.apache.http.headers - << Content-Type: text/html; charset=utf-8
21:55:47.232 [main] DEBUG o.a.h.impl.client.DefaultHttpClient - Connection can be kept alive for 3000 MILLISECONDS
21:55:47.250 [main] DEBUG i.r.i.RequestSpecificationImpl$RestAssuredHttpBuilder - Parsing response as: text/html; charset=utf-8
21:55:47.251 [main] DEBUG i.r.i.RequestSpecificationImpl$RestAssuredHttpBuilder - Parsed data to instance of: class org.apache.http.conn.EofSensorInputStream
21:55:47.325 [main] DEBUG org.apache.http.wire -  << "2[\r][\n]"
21:55:47.326 [main] DEBUG org.apache.http.wire -  << "[]"
21:55:47.329 [main] DEBUG org.apache.http.wire -  << "[\r][\n]"
21:55:47.329 [main] DEBUG org.apache.http.wire -  << "0[\r][\n]"
21:55:47.329 [main] DEBUG org.apache.http.wire -  << "[\r][\n]"
21:55:47.330 [main] DEBUG o.a.h.i.c.BasicClientConnectionManager - Releasing connection org.apache.http.impl.conn.ManagedClientConnectionImpl@308e465b
21:55:47.330 [main] DEBUG o.a.h.i.c.BasicClientConnectionManager - Connection can be kept alive for 3000 MILLISECONDS
21:55:47.480 [AsyncHttpClient-1-1] DEBUG o.a.netty.channel.DefaultChannelPool - Entry count for : http://localhost:53330 : 1
21:55:47.480 [AsyncHttpClient-1-1] DEBUG o.a.netty.channel.DefaultChannelPool - Entry count for : http://localhost:64939 : 1
21:55:47.533 [main] DEBUG n.t.core.steps.StepInterceptor - STEP DONE: {0} executes a GET on the resource #resource
  &amp#27;[32mThen &amp#27;[0m&amp#27;[32mapi endpoint should be called with &amp#27;[0m&amp#27;[32m&amp#27;[1m"keyword"&amp#27;[0m                 &amp#27;[90m# stepdefinitions.SearchStepDefinitions.apiEndpointShouldBeCalledWith(java.lang.String)&amp#27;[0m
21:55:47.538 [Forwarding screenshot on session 81d73997ffa149049593d49b22ad6f2f to remote] DEBUG o.a.netty.request.NettyRequestSender - Using pooled Channel '[id: 0xd446da2a, L:/127.0.0.1:64938 - R:localhost/127.0.0.1:53330]' for 'GET' to 'http://localhost:53330/session/81d73997ffa149049593d49b22ad6f2f/screenshot'
21:55:47.538 [Forwarding screenshot on session 81d73997ffa149049593d49b22ad6f2f to remote] DEBUG o.a.netty.request.NettyRequestSender - Using open Channel [id: 0xd446da2a, L:/127.0.0.1:64938 - R:localhost/127.0.0.1:53330] for GET '/session/81d73997ffa149049593d49b22ad6f2f/screenshot'
21:55:47.714 [AsyncHttpClient-1-2] DEBUG o.a.netty.handler.HttpHandler - 

Request DefaultFullHttpRequest(decodeResult: success, version: HTTP/1.1, content: EmptyByteBufBE)
GET /session/81d73997ffa149049593d49b22ad6f2f/screenshot HTTP/1.1
User-Agent: selenium/4.0.0 (java windows)
Cache-Control: no-cache
Content-Type: application/json; charset=utf-8
host: localhost:53330
accept: */*

Response DefaultHttpResponse(decodeResult: success, version: HTTP/1.1)
HTTP/1.1 200 OK
Content-Type: application/json; charset=utf-8
cache-control: no-cache
content-length: 176092

21:55:47.715 [AsyncHttpClient-1-2] DEBUG o.a.netty.channel.ChannelManager - Adding key: http://localhost:53330 for channel [id: 0xd446da2a, L:/127.0.0.1:64938 - R:localhost/127.0.0.1:53330]
21:55:47.722 [main] DEBUG n.s.core.photography.Darkroom - Send negative for processing for target\site\serenity\4ef885265cff42be2b4082d391236d237e7802ea2a16823108c1239b8aeaf0a6.png
21:55:47.817 [Forwarding screenshot on session 81d73997ffa149049593d49b22ad6f2f to remote] DEBUG o.a.netty.request.NettyRequestSender - Using pooled Channel '[id: 0xd446da2a, L:/127.0.0.1:64938 - R:localhost/127.0.0.1:53330]' for 'GET' to 'http://localhost:53330/session/81d73997ffa149049593d49b22ad6f2f/screenshot'
21:55:47.817 [Forwarding screenshot on session 81d73997ffa149049593d49b22ad6f2f to remote] DEBUG o.a.netty.request.NettyRequestSender - Using open Channel [id: 0xd446da2a, L:/127.0.0.1:64938 - R:localhost/127.0.0.1:53330] for GET '/session/81d73997ffa149049593d49b22ad6f2f/screenshot'
21:55:47.961 [AsyncHttpClient-1-2] DEBUG o.a.netty.handler.HttpHandler - 

Request DefaultFullHttpRequest(decodeResult: success, version: HTTP/1.1, content: EmptyByteBufBE)
GET /session/81d73997ffa149049593d49b22ad6f2f/screenshot HTTP/1.1
User-Agent: selenium/4.0.0 (java windows)
Cache-Control: no-cache
Content-Type: application/json; charset=utf-8
host: localhost:53330
accept: */*

Response DefaultHttpResponse(decodeResult: success, version: HTTP/1.1)
HTTP/1.1 200 OK
Content-Type: application/json; charset=utf-8
cache-control: no-cache
content-length: 176092

21:55:47.962 [AsyncHttpClient-1-2] DEBUG o.a.netty.channel.ChannelManager - Adding key: http://localhost:53330 for channel [id: 0xd446da2a, L:/127.0.0.1:64938 - R:localhost/127.0.0.1:53330]
21:55:47.968 [main] DEBUG n.s.core.photography.Darkroom - Send negative for processing for target\site\serenity\4ef885265cff42be2b4082d391236d237e7802ea2a16823108c1239b8aeaf0a6.png
21:55:48.019 [Forwarding screenshot on session 81d73997ffa149049593d49b22ad6f2f to remote] DEBUG o.a.netty.request.NettyRequestSender - Using pooled Channel '[id: 0xd446da2a, L:/127.0.0.1:64938 - R:localhost/127.0.0.1:53330]' for 'GET' to 'http://localhost:53330/session/81d73997ffa149049593d49b22ad6f2f/screenshot'
21:55:48.019 [Forwarding screenshot on session 81d73997ffa149049593d49b22ad6f2f to remote] DEBUG o.a.netty.request.NettyRequestSender - Using open Channel [id: 0xd446da2a, L:/127.0.0.1:64938 - R:localhost/127.0.0.1:53330] for GET '/session/81d73997ffa149049593d49b22ad6f2f/screenshot'
21:55:48.205 [AsyncHttpClient-1-2] DEBUG o.a.netty.handler.HttpHandler - 

Request DefaultFullHttpRequest(decodeResult: success, version: HTTP/1.1, content: EmptyByteBufBE)
GET /session/81d73997ffa149049593d49b22ad6f2f/screenshot HTTP/1.1
User-Agent: selenium/4.0.0 (java windows)
Cache-Control: no-cache
Content-Type: application/json; charset=utf-8
host: localhost:53330
accept: */*

Response DefaultHttpResponse(decodeResult: success, version: HTTP/1.1)
HTTP/1.1 200 OK
Content-Type: application/json; charset=utf-8
cache-control: no-cache
content-length: 176092

21:55:48.206 [AsyncHttpClient-1-2] DEBUG o.a.netty.channel.ChannelManager - Adding key: http://localhost:53330 for channel [id: 0xd446da2a, L:/127.0.0.1:64938 - R:localhost/127.0.0.1:53330]
21:55:48.230 [main] DEBUG n.s.core.photography.Darkroom - Send negative for processing for target\site\serenity\4ef885265cff42be2b4082d391236d237e7802ea2a16823108c1239b8aeaf0a6.png
  &amp#27;[32mWhen &amp#27;[0m&amp#27;[32mapi returned related results&amp#27;[0m                                 &amp#27;[90m# stepdefinitions.SearchStepDefinitions.apiReturnedRelatedResults()&amp#27;[0m
last response: 200
resultList: 0
21:55:48.466 [Forwarding screenshot on session 81d73997ffa149049593d49b22ad6f2f to remote] DEBUG o.a.netty.request.NettyRequestSender - Using pooled Channel '[id: 0xd446da2a, L:/127.0.0.1:64938 - R:localhost/127.0.0.1:53330]' for 'GET' to 'http://localhost:53330/session/81d73997ffa149049593d49b22ad6f2f/screenshot'
21:55:48.466 [Forwarding screenshot on session 81d73997ffa149049593d49b22ad6f2f to remote] DEBUG o.a.netty.request.NettyRequestSender - Using open Channel [id: 0xd446da2a, L:/127.0.0.1:64938 - R:localhost/127.0.0.1:53330] for GET '/session/81d73997ffa149049593d49b22ad6f2f/screenshot'
21:55:48.578 [AsyncHttpClient-1-1] DEBUG o.a.netty.channel.DefaultChannelPool - Entry count for : http://localhost:64939 : 1
21:55:48.648 [AsyncHttpClient-1-2] DEBUG o.a.netty.handler.HttpHandler - 

Request DefaultFullHttpRequest(decodeResult: success, version: HTTP/1.1, content: EmptyByteBufBE)
GET /session/81d73997ffa149049593d49b22ad6f2f/screenshot HTTP/1.1
User-Agent: selenium/4.0.0 (java windows)
Cache-Control: no-cache
Content-Type: application/json; charset=utf-8
host: localhost:53330
accept: */*

Response DefaultHttpResponse(decodeResult: success, version: HTTP/1.1)
HTTP/1.1 200 OK
Content-Type: application/json; charset=utf-8
cache-control: no-cache
content-length: 176092

21:55:48.650 [AsyncHttpClient-1-2] DEBUG o.a.netty.channel.ChannelManager - Adding key: http://localhost:53330 for channel [id: 0xd446da2a, L:/127.0.0.1:64938 - R:localhost/127.0.0.1:53330]
21:55:48.658 [main] DEBUG n.s.core.photography.Darkroom - Send negative for processing for target\site\serenity\4ef885265cff42be2b4082d391236d237e7802ea2a16823108c1239b8aeaf0a6.png
21:55:48.659 [main] DEBUG n.t.core.steps.StepInterceptor - STARTING STEP: SearchStepDefinitions.iShouldSeeRelatedResultsOnTheMainPage - {0} should see #description
21:55:48.663 [Forwarding findElement on session 81d73997ffa149049593d49b22ad6f2f to remote] DEBUG o.a.netty.request.NettyRequestSender - Using pooled Channel '[id: 0xd446da2a, L:/127.0.0.1:64938 - R:localhost/127.0.0.1:53330]' for 'POST' to 'http://localhost:53330/session/81d73997ffa149049593d49b22ad6f2f/element'
21:55:48.663 [Forwarding findElement on session 81d73997ffa149049593d49b22ad6f2f to remote] DEBUG o.a.netty.request.NettyRequestSender - Using open Channel [id: 0xd446da2a, L:/127.0.0.1:64938 - R:localhost/127.0.0.1:53330] for POST '/session/81d73997ffa149049593d49b22ad6f2f/element'
21:55:48.680 [AsyncHttpClient-1-2] DEBUG o.a.netty.handler.HttpHandler - 

Request DefaultHttpRequest(decodeResult: success, version: HTTP/1.1)
POST /session/81d73997ffa149049593d49b22ad6f2f/element HTTP/1.1
User-Agent: selenium/4.0.0 (java windows)
Content-Length: 60
Content-Type: application/json; charset=utf-8
host: localhost:53330
accept: */*

Response DefaultHttpResponse(decodeResult: success, version: HTTP/1.1)
HTTP/1.1 200 OK
Content-Type: application/json; charset=utf-8
cache-control: no-cache
content-length: 88

21:55:48.680 [AsyncHttpClient-1-2] DEBUG o.a.netty.channel.ChannelManager - Adding key: http://localhost:53330 for channel [id: 0xd446da2a, L:/127.0.0.1:64938 - R:localhost/127.0.0.1:53330]
21:55:48.682 [Forwarding getElementText on session 81d73997ffa149049593d49b22ad6f2f to remote] DEBUG o.a.netty.request.NettyRequestSender - Using pooled Channel '[id: 0xd446da2a, L:/127.0.0.1:64938 - R:localhost/127.0.0.1:53330]' for 'GET' to 'http://localhost:53330/session/81d73997ffa149049593d49b22ad6f2f/element/0d39c64c-1b15-446a-a9a8-0338b28de5f9/text'
21:55:48.682 [Forwarding getElementText on session 81d73997ffa149049593d49b22ad6f2f to remote] DEBUG o.a.netty.request.NettyRequestSender - Using open Channel [id: 0xd446da2a, L:/127.0.0.1:64938 - R:localhost/127.0.0.1:53330] for GET '/session/81d73997ffa149049593d49b22ad6f2f/element/0d39c64c-1b15-446a-a9a8-0338b28de5f9/text'
21:55:48.698 [AsyncHttpClient-1-2] DEBUG o.a.netty.handler.HttpHandler - 

Request DefaultFullHttpRequest(decodeResult: success, version: HTTP/1.1, content: EmptyByteBufBE)
GET /session/81d73997ffa149049593d49b22ad6f2f/element/0d39c64c-1b15-446a-a9a8-0338b28de5f9/text HTTP/1.1
User-Agent: selenium/4.0.0 (java windows)
Cache-Control: no-cache
Content-Type: application/json; charset=utf-8
host: localhost:53330
accept: */*

Response DefaultHttpResponse(decodeResult: success, version: HTTP/1.1)
HTTP/1.1 200 OK
Content-Type: application/json; charset=utf-8
cache-control: no-cache
content-length: 38

21:55:48.698 [AsyncHttpClient-1-2] DEBUG o.a.netty.channel.ChannelManager - Adding key: http://localhost:53330 for channel [id: 0xd446da2a, L:/127.0.0.1:64938 - R:localhost/127.0.0.1:53330]
21:55:48.728 [Forwarding screenshot on session 81d73997ffa149049593d49b22ad6f2f to remote] DEBUG o.a.netty.request.NettyRequestSender - Using pooled Channel '[id: 0xd446da2a, L:/127.0.0.1:64938 - R:localhost/127.0.0.1:53330]' for 'GET' to 'http://localhost:53330/session/81d73997ffa149049593d49b22ad6f2f/screenshot'
21:55:48.729 [Forwarding screenshot on session 81d73997ffa149049593d49b22ad6f2f to remote] DEBUG o.a.netty.request.NettyRequestSender - Using open Channel [id: 0xd446da2a, L:/127.0.0.1:64938 - R:localhost/127.0.0.1:53330] for GET '/session/81d73997ffa149049593d49b22ad6f2f/screenshot'
21:55:48.888 [AsyncHttpClient-1-2] DEBUG o.a.netty.handler.HttpHandler - 

Request DefaultFullHttpRequest(decodeResult: success, version: HTTP/1.1, content: EmptyByteBufBE)
GET /session/81d73997ffa149049593d49b22ad6f2f/screenshot HTTP/1.1
User-Agent: selenium/4.0.0 (java windows)
Cache-Control: no-cache
Content-Type: application/json; charset=utf-8
host: localhost:53330
accept: */*

Response DefaultHttpResponse(decodeResult: success, version: HTTP/1.1)
HTTP/1.1 200 OK
Content-Type: application/json; charset=utf-8
cache-control: no-cache
content-length: 176092

21:55:48.891 [AsyncHttpClient-1-2] DEBUG o.a.netty.channel.ChannelManager - Adding key: http://localhost:53330 for channel [id: 0xd446da2a, L:/127.0.0.1:64938 - R:localhost/127.0.0.1:53330]
21:55:48.897 [main] DEBUG n.s.core.photography.Darkroom - Send negative for processing for target\site\serenity\4ef885265cff42be2b4082d391236d237e7802ea2a16823108c1239b8aeaf0a6.png
21:55:48.898 [main] DEBUG n.t.core.steps.StepInterceptor - STEP DONE: {0} should see #description
  &amp#27;[32mThen &amp#27;[0m&amp#27;[32mI should see related results on the main page&amp#27;[0m                &amp#27;[90m# stepdefinitions.SearchStepDefinitions.iShouldSeeRelatedResultsOnTheMainPage()&amp#27;[0m
21:55:48.906 [main] INFO   - 
  _____   ___   ___   _____     ___     _     ___   ___   ___   ___  
 |_   _| | __| / __| |_   _|   | _ \   /_\   / __| / __| | __| |   \ 
   | |   | _|  \__ \   | |     |  _/  / _ \  \__ \ \__ \ | _|  | |) |
   |_|   |___| |___/   |_|     |_|   /_/ \_\ |___/ |___/ |___| |___/ 

ui and api testing scenario for Search with known keyword
----------------------------------------------------------------------
21:55:49.045 [Driver Command Executor] DEBUG o.a.netty.request.NettyRequestSender - Using pooled Channel '[id: 0xd446da2a, L:/127.0.0.1:64938 - R:localhost/127.0.0.1:53330]' for 'DELETE' to 'http://localhost:53330/session/81d73997ffa149049593d49b22ad6f2f'
21:55:49.045 [Driver Command Executor] DEBUG o.a.netty.request.NettyRequestSender - Using open Channel [id: 0xd446da2a, L:/127.0.0.1:64938 - R:localhost/127.0.0.1:53330] for DELETE '/session/81d73997ffa149049593d49b22ad6f2f'
21:55:49.047 [AsyncHttpClient-1-4] DEBUG o.a.netty.handler.WebSocketHandler - Channel Closed: [id: 0xcc8cf28e, L:/127.0.0.1:64947 ! R:localhost/127.0.0.1:64939] with attribute NettyResponseFuture{currentRetry=5,
	isDone=1,
	isCancelled=0,
	asyncHandler=org.asynchttpclient.ws.WebSocketUpgradeHandler@237b8e86,
	nettyRequest=org.asynchttpclient.netty.request.NettyRequest@6b9544c4,
	future=java.util.concurrent.CompletableFuture@3bc09ba9[Completed normally],
	uri=ws://localhost:64939/devtools/browser/e0d6f327-cf55-4041-8ad5-331c886f9f18,
	keepAlive=true,
	redirectCount=0,
	timeoutsHolder=null,
	inAuth=0,
	touch=1640372123863}
21:55:49.048 [AsyncHttpClient-1-4] DEBUG o.a.netty.channel.ChannelManager - Closing Channel [id: 0xcc8cf28e, L:/127.0.0.1:64947 ! R:localhost/127.0.0.1:64939] 
21:55:49.081 [AsyncHttpClient-1-3] DEBUG o.a.netty.handler.HttpHandler - Unexpected I/O exception on channel [id: 0x92a02560, L:/127.0.0.1:64946 - R:localhost/127.0.0.1:64939]
java.io.IOException: Varolan bir bağlantı uzaktaki bir ana bilgisayar tarafından zorla kapatıldı
	at java.base/sun.nio.ch.SocketDispatcher.read0(Native Method) ~[na:na]
	at java.base/sun.nio.ch.SocketDispatcher.read(SocketDispatcher.java:43) ~[na:na]
	at java.base/sun.nio.ch.IOUtil.readIntoNativeBuffer(IOUtil.java:276) ~[na:na]
	at java.base/sun.nio.ch.IOUtil.read(IOUtil.java:233) ~[na:na]
	at java.base/sun.nio.ch.IOUtil.read(IOUtil.java:223) ~[na:na]
	at java.base/sun.nio.ch.SocketChannelImpl.read(SocketChannelImpl.java:356) ~[na:na]
	at io.netty.buffer.PooledByteBuf.setBytes(PooledByteBuf.java:253) ~[netty-buffer-4.1.68.Final.jar:4.1.68.Final]
	at io.netty.buffer.AbstractByteBuf.writeBytes(AbstractByteBuf.java:1132) ~[netty-buffer-4.1.68.Final.jar:4.1.68.Final]
	at io.netty.channel.socket.nio.NioSocketChannel.doReadBytes(NioSocketChannel.java:350) ~[netty-transport-4.1.68.Final.jar:4.1.68.Final]
	at io.netty.channel.nio.AbstractNioByteChannel$NioByteUnsafe.read(AbstractNioByteChannel.java:151) ~[netty-transport-4.1.68.Final.jar:4.1.68.Final]
	at io.netty.channel.nio.NioEventLoop.processSelectedKey(NioEventLoop.java:719) ~[netty-transport-4.1.68.Final.jar:4.1.68.Final]
	at io.netty.channel.nio.NioEventLoop.processSelectedKeysOptimized(NioEventLoop.java:655) ~[netty-transport-4.1.68.Final.jar:4.1.68.Final]
	at io.netty.channel.nio.NioEventLoop.processSelectedKeys(NioEventLoop.java:581) ~[netty-transport-4.1.68.Final.jar:4.1.68.Final]
	at io.netty.channel.nio.NioEventLoop.run(NioEventLoop.java:493) ~[netty-transport-4.1.68.Final.jar:4.1.68.Final]
	at io.netty.util.concurrent.SingleThreadEventExecutor$4.run(SingleThreadEventExecutor.java:986) ~[netty-common-4.1.68.Final.jar:4.1.68.Final]
	at io.netty.util.internal.ThreadExecutorMap$2.run(ThreadExecutorMap.java:74) ~[netty-common-4.1.68.Final.jar:4.1.68.Final]
	at io.netty.util.concurrent.FastThreadLocalRunnable.run(FastThreadLocalRunnable.java:30) ~[netty-common-4.1.68.Final.jar:4.1.68.Final]
	at java.base/java.lang.Thread.run(Thread.java:829) ~[na:na]
21:55:49.084 [AsyncHttpClient-1-3] DEBUG o.a.netty.channel.ChannelManager - Closing Channel [id: 0x92a02560, L:/127.0.0.1:64946 - R:localhost/127.0.0.1:64939] 
21:55:49.086 [AsyncHttpClient-1-3] DEBUG o.a.netty.handler.HttpHandler - Channel Closed: [id: 0x92a02560, L:/127.0.0.1:64946 ! R:localhost/127.0.0.1:64939] with attribute DISCARD
21:55:49.093 [AsyncHttpClient-1-2] DEBUG o.a.netty.handler.HttpHandler - 

Request DefaultFullHttpRequest(decodeResult: success, version: HTTP/1.1, content: EmptyByteBufBE)
DELETE /session/81d73997ffa149049593d49b22ad6f2f HTTP/1.1
User-Agent: selenium/4.0.0 (java windows)
Content-Type: application/json; charset=utf-8
host: localhost:53330
accept: */*

Response DefaultHttpResponse(decodeResult: success, version: HTTP/1.1)
HTTP/1.1 200 OK
Content-Type: application/json; charset=utf-8
cache-control: no-cache
content-length: 14

21:55:49.094 [AsyncHttpClient-1-2] DEBUG o.a.netty.channel.ChannelManager - Adding key: http://localhost:53330 for channel [id: 0xd446da2a, L:/127.0.0.1:64938 - R:localhost/127.0.0.1:53330]
21:55:49.158 [AsyncHttpClient-1-2] DEBUG o.a.netty.handler.HttpHandler - Channel Closed: [id: 0xd446da2a, L:/127.0.0.1:64938 ! R:localhost/127.0.0.1:53330] with attribute DISCARD
21:55:49.676 [AsyncHttpClient-1-1] DEBUG o.a.netty.channel.DefaultChannelPool - Entry count for : http://localhost:53330 : 1
21:55:49.676 [AsyncHttpClient-1-1] DEBUG o.a.netty.channel.DefaultChannelPool - Entry count for : http://localhost:64939 : 1
21:55:49.676 [AsyncHttpClient-1-1] DEBUG o.a.netty.channel.DefaultChannelPool - Adding Candidate expired Channel [id: 0xd446da2a, L:/127.0.0.1:64938 ! R:localhost/127.0.0.1:53330] isIdleTimeoutExpired=false isRemotelyClosed=true isTtlExpired=false
21:55:49.676 [AsyncHttpClient-1-1] DEBUG o.a.netty.channel.DefaultChannelPool - Closing Idle Channel [id: 0xd446da2a, L:/127.0.0.1:64938 ! R:localhost/127.0.0.1:53330]
21:55:49.676 [AsyncHttpClient-1-1] DEBUG o.a.netty.channel.DefaultChannelPool - Adding Candidate expired Channel [id: 0x92a02560, L:/127.0.0.1:64946 ! R:localhost/127.0.0.1:64939] isIdleTimeoutExpired=false isRemotelyClosed=true isTtlExpired=false
21:55:49.676 [AsyncHttpClient-1-1] DEBUG o.a.netty.channel.DefaultChannelPool - Closing Idle Channel [id: 0x92a02560, L:/127.0.0.1:64946 ! R:localhost/127.0.0.1:64939]
21:55:49.677 [AsyncHttpClient-1-1] DEBUG o.a.netty.channel.DefaultChannelPool - Closed 2 connections out of 2 in 1 ms
]]></system-out>
    <system-err><![CDATA[SLF4J: Class path contains multiple SLF4J bindings.
SLF4J: Found binding in [jar:file:/C:/Users/kemal/.m2/repository/ch/qos/logback/logback-classic/1.0.13/logback-classic-1.0.13.jar!/org/slf4j/impl/StaticLoggerBinder.class]
SLF4J: Found binding in [jar:file:/C:/Users/kemal/.m2/repository/org/slf4j/slf4j-simple/1.7.32/slf4j-simple-1.7.32.jar!/org/slf4j/impl/StaticLoggerBinder.class]
SLF4J: See http://www.slf4j.org/codes.html#multiple_bindings for an explanation.
SLF4J: Actual binding is of type [ch.qos.logback.classic.util.ContextSelectorStaticBinder]
Starting ChromeDriver 96.0.4664.45 (76e4c1bb2ab4671b8beba3444e61c0f17584b2fc-refs/branch-heads/4664@{#947}) on port 53330
Only local connections are allowed.
Please see https://chromedriver.chromium.org/security-considerations for suggestions on keeping ChromeDriver safe.
ChromeDriver was started successfully.
Ara 24, 2021 9:55:23 ÖS org.openqa.selenium.remote.ProtocolHandshake createSession
INFO: Detected dialect: W3C
Ara 24, 2021 9:55:23 ÖS org.openqa.selenium.devtools.CdpVersionFinder findNearestMatch
WARNING: Unable to find an exact match for CDP version 96, so returning the closest version found: 95
Ara 24, 2021 9:55:23 ÖS org.openqa.selenium.devtools.CdpVersionFinder findNearestMatch
INFO: Found CDP implementation for version 96 of 95
]]></system-err>
  </testcase>
</testsuite>